[02:45:07.704] Global cache location '/home/master/.cache/typescript/4.5', safe file path '/usr/lib/node_modules/typescript/lib/typingSafeList.json', types map path /usr/lib/node_modules/typescript/lib/typesMap.json
[02:45:07.705] Processing cache location '/home/master/.cache/typescript/4.5'
[02:45:07.705] Trying to find '/home/master/.cache/typescript/4.5/package.json'...
[02:45:07.706] Loaded content of '/home/master/.cache/typescript/4.5/package.json': {"private":true,"dependencies":{"types-registry":"^0.1.592"},"devDependencies":{"@types/color-convert":"^2.0.0","@types/color-name":"^1.1.1","@types/object-assign":"^4.0.30","@types/prompts":"^2.0.14","@types/react":"^18.0.5","@types/require-directory":"^2.1.2","@types/wrap-ansi":"^8.0.1","@types/yargs":"^17.0.10","@types/yargs-parser":"^21.0.0"}}
[02:45:07.706] Loaded content of '/home/master/.cache/typescript/4.5/package-lock.json'
[02:45:07.719] Adding entry into typings cache: 'color-convert' => '/home/master/.cache/typescript/4.5/node_modules/@types/color-convert/index.d.ts'
[02:45:07.721] Adding entry into typings cache: 'color-name' => '/home/master/.cache/typescript/4.5/node_modules/@types/color-name/index.d.ts'
[02:45:07.722] Adding entry into typings cache: 'object-assign' => '/home/master/.cache/typescript/4.5/node_modules/@types/object-assign/index.d.ts'
[02:45:07.723] Adding entry into typings cache: 'prompts' => '/home/master/.cache/typescript/4.5/node_modules/@types/prompts/index.d.ts'
[02:45:07.727] Adding entry into typings cache: 'react' => '/home/master/.cache/typescript/4.5/node_modules/@types/react/index.d.ts'
[02:45:07.729] Adding entry into typings cache: 'require-directory' => '/home/master/.cache/typescript/4.5/node_modules/@types/require-directory/index.d.ts'
[02:45:07.730] Adding entry into typings cache: 'wrap-ansi' => '/home/master/.cache/typescript/4.5/node_modules/@types/wrap-ansi/index.d.ts'
[02:45:07.737] Adding entry into typings cache: 'yargs' => '/home/master/.cache/typescript/4.5/node_modules/@types/yargs/index.d.ts'
[02:45:07.738] Adding entry into typings cache: 'yargs-parser' => '/home/master/.cache/typescript/4.5/node_modules/@types/yargs-parser/index.d.ts'
[02:45:07.738] Finished processing cache location '/home/master/.cache/typescript/4.5'
[02:45:07.738] Process id: 109774
[02:45:07.738] NPM location: /usr/bin/npm (explicit '--npmLocation' not  provided)
[02:45:07.738] validateDefaultNpmLocation: false
[02:45:07.738] Npm config file: /home/master/.cache/typescript/4.5/package.json
[02:45:07.739] Updating types-registry npm package...
[02:45:07.739] Exec: /usr/bin/npm install --ignore-scripts types-registry@latest
[02:45:09.211]     Succeeded. stdout:
    
    up to date, audited 15 packages in 1s

found 0 vulnerabilities

[02:45:09.211] Updated types-registry npm package
[02:45:09.510] Got install request {"projectName":"/dev/null/inferredProject1*","fileNames":["/usr/lib/node_modules/typescript/lib/lib.es5.d.ts","/usr/lib/node_modules/typescript/lib/lib.es2015.d.ts","/usr/lib/node_modules/typescript/lib/lib.es2016.d.ts","/usr/lib/node_modules/typescript/lib/lib.dom.d.ts","/usr/lib/node_modules/typescript/lib/lib.dom.iterable.d.ts","/usr/lib/node_modules/typescript/lib/lib.webworker.importscripts.d.ts","/usr/lib/node_modules/typescript/lib/lib.scripthost.d.ts","/usr/lib/node_modules/typescript/lib/lib.es2015.core.d.ts","/usr/lib/node_modules/typescript/lib/lib.es2015.collection.d.ts","/usr/lib/node_modules/typescript/lib/lib.es2015.generator.d.ts","/usr/lib/node_modules/typescript/lib/lib.es2015.iterable.d.ts","/usr/lib/node_modules/typescript/lib/lib.es2015.promise.d.ts","/usr/lib/node_modules/typescript/lib/lib.es2015.proxy.d.ts","/usr/lib/node_modules/typescript/lib/lib.es2015.reflect.d.ts","/usr/lib/node_modules/typescript/lib/lib.es2015.symbol.d.ts","/usr/lib/node_modules/typescript/lib/lib.es2015.symbol.wellknown.d.ts","/usr/lib/node_modules/typescript/lib/lib.es2016.array.include.d.ts","/usr/lib/node_modules/typescript/lib/lib.es2016.full.d.ts","/home/master/config-modules/index.js"],"compilerOptions":{"module":1,"target":3,"jsx":1,"allowJs":true,"allowSyntheticDefaultImports":true,"allowNonTsExtensions":true,"noEmitForJsFiles":true,"maxNodeModuleJsDepth":2},"typeAcquisition":{"enable":true,"include":[],"exclude":[]},"unresolvedImports":[],"projectRootPath":"/home/master/config-modules","kind":"discover"}
[02:45:09.534] Loaded safelist from types map file '/usr/lib/node_modules/typescript/lib/typesMap.json'
[02:45:09.534] Explicitly included types: []
[02:45:09.537] Typing names in '/home/master/config-modules/package.json' dependencies: ["prompts","yaml","yargs"]
[02:45:09.547] Searching for typing names in /home/master/config-modules/node_modules; all files: ["/home/master/config-modules/node_modules/.package-lock.json","/home/master/config-modules/node_modules/ansi-regex/package.json","/home/master/config-modules/node_modules/ansi-styles/package.json","/home/master/config-modules/node_modules/cliui/package.json","/home/master/config-modules/node_modules/color-convert/package.json","/home/master/config-modules/node_modules/color-name/package.json","/home/master/config-modules/node_modules/emoji-regex/package.json","/home/master/config-modules/node_modules/escalade/package.json","/home/master/config-modules/node_modules/get-caller-file/package.json","/home/master/config-modules/node_modules/is-fullwidth-code-point/package.json","/home/master/config-modules/node_modules/kleur/package.json","/home/master/config-modules/node_modules/prompts/package.json","/home/master/config-modules/node_modules/require-directory/package.json","/home/master/config-modules/node_modules/sisteransi/package.json","/home/master/config-modules/node_modules/string-width/package.json","/home/master/config-modules/node_modules/strip-ansi/package.json","/home/master/config-modules/node_modules/wrap-ansi/package.json","/home/master/config-modules/node_modules/y18n/package.json","/home/master/config-modules/node_modules/yaml/package.json","/home/master/config-modules/node_modules/yargs/package.json","/home/master/config-modules/node_modules/yargs-parser/package.json"]
[02:45:09.573]     Package 'emoji-regex' provides its own types.
[02:45:09.574]     Package 'escalade' provides its own types.
[02:45:09.579]     Package 'kleur' provides its own types.
[02:45:09.581]     Package 'sisteransi' provides its own types.
[02:45:09.604]     Found package names: ["ansi-regex","ansi-styles","cliui","color-convert","color-name","get-caller-file","is-fullwidth-code-point","prompts","require-directory","string-width","strip-ansi","wrap-ansi","y18n","yaml","yargs","yargs-parser"]
[02:45:09.604] Inferred typings from unresolved imports: []
[02:45:09.605] Result: {"cachedTypingPaths":["/home/master/.cache/typescript/4.5/node_modules/@types/prompts/index.d.ts","/home/master/.cache/typescript/4.5/node_modules/@types/yargs/index.d.ts","/home/master/config-modules/node_modules/emoji-regex/index.d.ts","/home/master/config-modules/node_modules/escalade/index.d.ts","/home/master/config-modules/node_modules/kleur/kleur.d.ts","/home/master/config-modules/node_modules/sisteransi/src/sisteransi.d.ts","/home/master/.cache/typescript/4.5/node_modules/@types/color-convert/index.d.ts","/home/master/.cache/typescript/4.5/node_modules/@types/color-name/index.d.ts","/home/master/.cache/typescript/4.5/node_modules/@types/require-directory/index.d.ts","/home/master/.cache/typescript/4.5/node_modules/@types/wrap-ansi/index.d.ts","/home/master/.cache/typescript/4.5/node_modules/@types/yargs-parser/index.d.ts"],"newTypingNames":["yaml","ansi-regex","ansi-styles","cliui","get-caller-file","is-fullwidth-code-point","string-width","strip-ansi","y18n"],"filesToWatch":["/home/master/config-modules/package.json","/home/master/config-modules/bower_components","/home/master/config-modules/node_modules"]}
[02:45:09.605] Finished typings discovery: {"cachedTypingPaths":["/home/master/.cache/typescript/4.5/node_modules/@types/prompts/index.d.ts","/home/master/.cache/typescript/4.5/node_modules/@types/yargs/index.d.ts","/home/master/config-modules/node_modules/emoji-regex/index.d.ts","/home/master/config-modules/node_modules/escalade/index.d.ts","/home/master/config-modules/node_modules/kleur/kleur.d.ts","/home/master/config-modules/node_modules/sisteransi/src/sisteransi.d.ts","/home/master/.cache/typescript/4.5/node_modules/@types/color-convert/index.d.ts","/home/master/.cache/typescript/4.5/node_modules/@types/color-name/index.d.ts","/home/master/.cache/typescript/4.5/node_modules/@types/require-directory/index.d.ts","/home/master/.cache/typescript/4.5/node_modules/@types/wrap-ansi/index.d.ts","/home/master/.cache/typescript/4.5/node_modules/@types/yargs-parser/index.d.ts"],"newTypingNames":["yaml","ansi-regex","ansi-styles","cliui","get-caller-file","is-fullwidth-code-point","string-width","strip-ansi","y18n"],"filesToWatch":["/home/master/config-modules/package.json","/home/master/config-modules/bower_components","/home/master/config-modules/node_modules"]}
[02:45:09.605] FileWatcher:: Added:: WatchInfo: /home/master/config-modules/package.json
[02:45:09.605] FileWatcher:: Added:: WatchInfo: /home/master/config-modules/package.json 2000 undefined Project: /dev/null/inferredProject1* watcher already invoked: false
[02:45:09.606] DirectoryWatcher:: Added:: WatchInfo: /home/master/config-modules/bower_components
[02:45:09.606] DirectoryWatcher:: Added:: WatchInfo: /home/master/config-modules/bower_components 1 undefined Project: /dev/null/inferredProject1* watcher already invoked: false
[02:45:09.607] Elapsed:: 0.6594909988343716ms DirectoryWatcher:: Added:: WatchInfo: /home/master/config-modules/bower_components 1 undefined Project: /dev/null/inferredProject1* watcher already invoked: false
[02:45:09.607] DirectoryWatcher:: Added:: WatchInfo: /home/master/config-modules/node_modules
[02:45:09.607] DirectoryWatcher:: Added:: WatchInfo: /home/master/config-modules/node_modules 1 undefined Project: /dev/null/inferredProject1* watcher already invoked: false
[02:45:09.617] Elapsed:: 9.57515700161457ms DirectoryWatcher:: Added:: WatchInfo: /home/master/config-modules/node_modules 1 undefined Project: /dev/null/inferredProject1* watcher already invoked: false
[02:45:09.617] Installing typings ["yaml","ansi-regex","ansi-styles","cliui","get-caller-file","is-fullwidth-code-point","string-width","strip-ansi","y18n"]
[02:45:09.617] 'yaml':: Entry for package 'yaml' does not exist in local types registry - skipping...
[02:45:09.617] 'ansi-regex':: Entry for package 'ansi-regex' does not exist in local types registry - skipping...
[02:45:09.617] 'ansi-styles':: Entry for package 'ansi-styles' does not exist in local types registry - skipping...
[02:45:09.617] 'cliui':: Entry for package 'cliui' does not exist in local types registry - skipping...
[02:45:09.617] 'get-caller-file':: Entry for package 'get-caller-file' does not exist in local types registry - skipping...
[02:45:09.618] 'is-fullwidth-code-point':: Entry for package 'is-fullwidth-code-point' does not exist in local types registry - skipping...
[02:45:09.618] 'string-width':: Entry for package 'string-width' does not exist in local types registry - skipping...
[02:45:09.618] 'strip-ansi':: Entry for package 'strip-ansi' does not exist in local types registry - skipping...
[02:45:09.618] 'y18n':: Entry for package 'y18n' does not exist in local types registry - skipping...
[02:45:09.618] All typings are known to be missing or invalid - no need to install more typings
[02:45:09.618] Sending response:
    {"projectName":"/dev/null/inferredProject1*","typeAcquisition":{"enable":true,"include":[],"exclude":[]},"compilerOptions":{"module":1,"target":3,"jsx":1,"allowJs":true,"allowSyntheticDefaultImports":true,"allowNonTsExtensions":true,"noEmitForJsFiles":true,"maxNodeModuleJsDepth":2},"typings":["/home/master/.cache/typescript/4.5/node_modules/@types/prompts/index.d.ts","/home/master/.cache/typescript/4.5/node_modules/@types/yargs/index.d.ts","/home/master/config-modules/node_modules/emoji-regex/index.d.ts","/home/master/config-modules/node_modules/escalade/index.d.ts","/home/master/config-modules/node_modules/kleur/kleur.d.ts","/home/master/config-modules/node_modules/sisteransi/src/sisteransi.d.ts","/home/master/.cache/typescript/4.5/node_modules/@types/color-convert/index.d.ts","/home/master/.cache/typescript/4.5/node_modules/@types/color-name/index.d.ts","/home/master/.cache/typescript/4.5/node_modules/@types/require-directory/index.d.ts","/home/master/.cache/typescript/4.5/node_modules/@types/wrap-ansi/index.d.ts","/home/master/.cache/typescript/4.5/node_modules/@types/yargs-parser/index.d.ts"],"unresolvedImports":[],"kind":"action::set"}
[02:45:09.618] Response has been sent.
[02:45:10.020] Got install request {"projectName":"/dev/null/inferredProject1*","fileNames":["/usr/lib/node_modules/typescript/lib/lib.es5.d.ts","/usr/lib/node_modules/typescript/lib/lib.es2015.d.ts","/usr/lib/node_modules/typescript/lib/lib.es2016.d.ts","/usr/lib/node_modules/typescript/lib/lib.dom.d.ts","/usr/lib/node_modules/typescript/lib/lib.dom.iterable.d.ts","/usr/lib/node_modules/typescript/lib/lib.webworker.importscripts.d.ts","/usr/lib/node_modules/typescript/lib/lib.scripthost.d.ts","/usr/lib/node_modules/typescript/lib/lib.es2015.core.d.ts","/usr/lib/node_modules/typescript/lib/lib.es2015.collection.d.ts","/usr/lib/node_modules/typescript/lib/lib.es2015.generator.d.ts","/usr/lib/node_modules/typescript/lib/lib.es2015.iterable.d.ts","/usr/lib/node_modules/typescript/lib/lib.es2015.promise.d.ts","/usr/lib/node_modules/typescript/lib/lib.es2015.proxy.d.ts","/usr/lib/node_modules/typescript/lib/lib.es2015.reflect.d.ts","/usr/lib/node_modules/typescript/lib/lib.es2015.symbol.d.ts","/usr/lib/node_modules/typescript/lib/lib.es2015.symbol.wellknown.d.ts","/usr/lib/node_modules/typescript/lib/lib.es2016.array.include.d.ts","/usr/lib/node_modules/typescript/lib/lib.es2016.full.d.ts","/home/master/.cache/typescript/4.5/node_modules/@types/yargs-parser/index.d.ts","/home/master/.cache/typescript/4.5/node_modules/@types/yargs/index.d.ts","/home/master/.cache/typescript/4.5/node_modules/@types/prompts/index.d.ts","/home/master/config-modules/index.js","/home/master/.cache/typescript/4.5/node_modules/@types/color-name/index.d.ts","/home/master/.cache/typescript/4.5/node_modules/@types/color-convert/index.d.ts","/home/master/.cache/typescript/4.5/node_modules/@types/require-directory/index.d.ts","/home/master/.cache/typescript/4.5/node_modules/@types/wrap-ansi/index.d.ts","/home/master/config-modules/node_modules/emoji-regex/index.d.ts","/home/master/config-modules/node_modules/escalade/index.d.ts","/home/master/config-modules/node_modules/kleur/kleur.d.ts","/home/master/config-modules/node_modules/sisteransi/src/sisteransi.d.ts"],"compilerOptions":{"module":1,"target":3,"jsx":1,"allowJs":true,"allowSyntheticDefaultImports":true,"allowNonTsExtensions":true,"noEmitForJsFiles":true,"maxNodeModuleJsDepth":2},"typeAcquisition":{"enable":true,"include":[],"exclude":[]},"unresolvedImports":[],"projectRootPath":"/home/master/config-modules","kind":"discover"}
[02:45:10.020] Explicitly included types: []
[02:45:10.022] Typing names in '/home/master/config-modules/package.json' dependencies: ["prompts","yaml","yargs"]
[02:45:10.025] Searching for typing names in /home/master/config-modules/node_modules; all files: ["/home/master/config-modules/node_modules/.package-lock.json","/home/master/config-modules/node_modules/ansi-regex/package.json","/home/master/config-modules/node_modules/ansi-styles/package.json","/home/master/config-modules/node_modules/cliui/package.json","/home/master/config-modules/node_modules/color-convert/package.json","/home/master/config-modules/node_modules/color-name/package.json","/home/master/config-modules/node_modules/emoji-regex/package.json","/home/master/config-modules/node_modules/escalade/package.json","/home/master/config-modules/node_modules/get-caller-file/package.json","/home/master/config-modules/node_modules/is-fullwidth-code-point/package.json","/home/master/config-modules/node_modules/kleur/package.json","/home/master/config-modules/node_modules/prompts/package.json","/home/master/config-modules/node_modules/require-directory/package.json","/home/master/config-modules/node_modules/sisteransi/package.json","/home/master/config-modules/node_modules/string-width/package.json","/home/master/config-modules/node_modules/strip-ansi/package.json","/home/master/config-modules/node_modules/wrap-ansi/package.json","/home/master/config-modules/node_modules/y18n/package.json","/home/master/config-modules/node_modules/yaml/package.json","/home/master/config-modules/node_modules/yargs/package.json","/home/master/config-modules/node_modules/yargs-parser/package.json"]
[02:45:10.046]     Package 'emoji-regex' provides its own types.
[02:45:10.050]     Package 'escalade' provides its own types.
[02:45:10.054]     Package 'kleur' provides its own types.
[02:45:10.063]     Package 'sisteransi' provides its own types.
[02:45:10.079]     Found package names: ["ansi-regex","ansi-styles","cliui","color-convert","color-name","get-caller-file","is-fullwidth-code-point","prompts","require-directory","string-width","strip-ansi","wrap-ansi","y18n","yaml","yargs","yargs-parser"]
[02:45:10.079] Inferred typings from unresolved imports: []
[02:45:10.079] Result: {"cachedTypingPaths":["/home/master/.cache/typescript/4.5/node_modules/@types/prompts/index.d.ts","/home/master/.cache/typescript/4.5/node_modules/@types/yargs/index.d.ts","/home/master/config-modules/node_modules/emoji-regex/index.d.ts","/home/master/config-modules/node_modules/escalade/index.d.ts","/home/master/config-modules/node_modules/kleur/kleur.d.ts","/home/master/config-modules/node_modules/sisteransi/src/sisteransi.d.ts","/home/master/.cache/typescript/4.5/node_modules/@types/color-convert/index.d.ts","/home/master/.cache/typescript/4.5/node_modules/@types/color-name/index.d.ts","/home/master/.cache/typescript/4.5/node_modules/@types/require-directory/index.d.ts","/home/master/.cache/typescript/4.5/node_modules/@types/wrap-ansi/index.d.ts","/home/master/.cache/typescript/4.5/node_modules/@types/yargs-parser/index.d.ts"],"newTypingNames":["yaml","ansi-regex","ansi-styles","cliui","get-caller-file","is-fullwidth-code-point","string-width","strip-ansi","y18n"],"filesToWatch":["/home/master/config-modules/package.json","/home/master/config-modules/bower_components","/home/master/config-modules/node_modules"]}
[02:45:10.080] Finished typings discovery: {"cachedTypingPaths":["/home/master/.cache/typescript/4.5/node_modules/@types/prompts/index.d.ts","/home/master/.cache/typescript/4.5/node_modules/@types/yargs/index.d.ts","/home/master/config-modules/node_modules/emoji-regex/index.d.ts","/home/master/config-modules/node_modules/escalade/index.d.ts","/home/master/config-modules/node_modules/kleur/kleur.d.ts","/home/master/config-modules/node_modules/sisteransi/src/sisteransi.d.ts","/home/master/.cache/typescript/4.5/node_modules/@types/color-convert/index.d.ts","/home/master/.cache/typescript/4.5/node_modules/@types/color-name/index.d.ts","/home/master/.cache/typescript/4.5/node_modules/@types/require-directory/index.d.ts","/home/master/.cache/typescript/4.5/node_modules/@types/wrap-ansi/index.d.ts","/home/master/.cache/typescript/4.5/node_modules/@types/yargs-parser/index.d.ts"],"newTypingNames":["yaml","ansi-regex","ansi-styles","cliui","get-caller-file","is-fullwidth-code-point","string-width","strip-ansi","y18n"],"filesToWatch":["/home/master/config-modules/package.json","/home/master/config-modules/bower_components","/home/master/config-modules/node_modules"]}
[02:45:10.080] Installing typings ["yaml","ansi-regex","ansi-styles","cliui","get-caller-file","is-fullwidth-code-point","string-width","strip-ansi","y18n"]
[02:45:10.081] 'yaml':: Entry for package 'yaml' does not exist in local types registry - skipping...
[02:45:10.081] 'ansi-regex':: Entry for package 'ansi-regex' does not exist in local types registry - skipping...
[02:45:10.081] 'ansi-styles':: Entry for package 'ansi-styles' does not exist in local types registry - skipping...
[02:45:10.081] 'cliui':: Entry for package 'cliui' does not exist in local types registry - skipping...
[02:45:10.081] 'get-caller-file':: Entry for package 'get-caller-file' does not exist in local types registry - skipping...
[02:45:10.081] 'is-fullwidth-code-point':: Entry for package 'is-fullwidth-code-point' does not exist in local types registry - skipping...
[02:45:10.081] 'string-width':: Entry for package 'string-width' does not exist in local types registry - skipping...
[02:45:10.081] 'strip-ansi':: Entry for package 'strip-ansi' does not exist in local types registry - skipping...
[02:45:10.081] 'y18n':: Entry for package 'y18n' does not exist in local types registry - skipping...
[02:45:10.082] All typings are known to be missing or invalid - no need to install more typings
[02:45:10.082] Sending response:
    {"projectName":"/dev/null/inferredProject1*","typeAcquisition":{"enable":true,"include":[],"exclude":[]},"compilerOptions":{"module":1,"target":3,"jsx":1,"allowJs":true,"allowSyntheticDefaultImports":true,"allowNonTsExtensions":true,"noEmitForJsFiles":true,"maxNodeModuleJsDepth":2},"typings":["/home/master/.cache/typescript/4.5/node_modules/@types/prompts/index.d.ts","/home/master/.cache/typescript/4.5/node_modules/@types/yargs/index.d.ts","/home/master/config-modules/node_modules/emoji-regex/index.d.ts","/home/master/config-modules/node_modules/escalade/index.d.ts","/home/master/config-modules/node_modules/kleur/kleur.d.ts","/home/master/config-modules/node_modules/sisteransi/src/sisteransi.d.ts","/home/master/.cache/typescript/4.5/node_modules/@types/color-convert/index.d.ts","/home/master/.cache/typescript/4.5/node_modules/@types/color-name/index.d.ts","/home/master/.cache/typescript/4.5/node_modules/@types/require-directory/index.d.ts","/home/master/.cache/typescript/4.5/node_modules/@types/wrap-ansi/index.d.ts","/home/master/.cache/typescript/4.5/node_modules/@types/yargs-parser/index.d.ts"],"unresolvedImports":[],"kind":"action::set"}
[02:45:10.082] Response has been sent.
