[14:25:03.167] Global cache location '/home/master/.cache/typescript/4.5', safe file path '/usr/lib/node_modules/typescript/lib/typingSafeList.json', types map path /usr/lib/node_modules/typescript/lib/typesMap.json
[14:25:03.170] Processing cache location '/home/master/.cache/typescript/4.5'
[14:25:03.170] Trying to find '/home/master/.cache/typescript/4.5/package.json'...
[14:25:03.191] Loaded content of '/home/master/.cache/typescript/4.5/package.json': {"private":true,"dependencies":{"types-registry":"^0.1.600"},"devDependencies":{"@types/abbrev":"^1.1.2","@types/are-we-there-yet":"^1.1.0","@types/asn1":"^0.2.0","@types/assert-plus":"^1.0.4","@types/aws4":"^1.11.2","@types/balanced-match":"^1.0.2","@types/big.js":"^6.1.4","@types/brace-expansion":"^1.1.0","@types/braces":"^3.0.1","@types/buffer-from":"^1.1.0","@types/cacache":"^15.0.1","@types/caniuse-lite":"^1.0.1","@types/caseless":"^0.12.2","@types/chownr":"^1.0.0","@types/clone-deep":"^4.0.1","@types/color-convert":"^2.0.0","@types/color-name":"^1.1.1","@types/color-support":"^1.1.1","@types/combined-stream":"^1.0.3","@types/concat-map":"^0.0.1","@types/cross-spawn":"^6.0.2","@types/dashdash":"^1.14.1","@types/debug":"^4.1.7","@types/delegates":"^1.0.0","@types/depd":"^1.1.32","@types/envinfo":"^7.8.1","@types/eslint-scope":"^3.7.3","@types/estraverse":"^5.1.1","@types/events":"^3.0.0","@types/extend":"^3.0.1","@types/extsprintf":"^1.4.2","@types/file-loader":"^5.0.1","@types/fill-range":"^7.0.0","@types/forever-agent":"^0.6.1","@types/function-bind":"^1.1.7","@types/gaze":"^1.1.2","@types/getpass":"^0.1.1","@types/glob":"^7.2.0","@types/glob-parent":"^5.1.1","@types/glob-to-regexp":"^0.4.1","@types/globule":"^1.1.4","@types/graceful-fs":"^4.1.5","@types/has":"^1.0.0","@types/hosted-git-info":"^3.0.2","@types/http-cache-semantics":"^4.0.1","@types/humanize-ms":"^1.2.2","@types/imurmurhash":"^0.1.1","@types/inherits":"^0.0.30","@types/interpret":"^1.1.1","@types/ip":"^1.1.0","@types/is-core-module":"^2.2.0","@types/is-glob":"^4.0.2","@types/is-number":"^7.0.3","@types/is-typedarray":"^1.0.0","@types/isarray":"^2.0.0","@types/isexe":"^2.0.1","@types/isstream":"^0.1.0","@types/jsbn":"^1.2.30","@types/json-schema":"^7.0.11","@types/json-stringify-safe":"^5.0.0","@types/kind-of":"^6.0.0","@types/loader-runner":"^2.2.4","@types/loader-utils":"^2.0.3","@types/lodash":"^4.14.182","@types/make-fetch-happen":"^9.0.2","@types/merge-stream":"^1.1.2","@types/mime-db":"^1.43.1","@types/mime-types":"^2.1.1","@types/min-indent":"^1.0.0","@types/minimatch":"^3.0.5","@types/minipass":"^3.1.2","@types/minizlib":"^2.1.3","@types/mkdirp":"^1.0.2","@types/ms":"^0.7.31","@types/negotiator":"^0.6.1","@types/node-sass":"^4.11.2","@types/nopt":"^3.0.29","@types/normalize-package-data":"^2.4.1","@types/normalize-path":"^3.0.0","@types/npmlog":"^4.1.4","@types/object-assign":"^4.0.30","@types/once":"^1.4.0","@types/parse-json":"^4.0.0","@types/path-is-absolute":"^1.0.0","@types/path-parse":"^1.0.19","@types/picomatch":"^2.3.0","@types/promise-inflight":"^1.0.0","@types/promise-retry":"^1.1.3","@types/prompts":"^2.0.14","@types/psl":"^1.1.0","@types/punycode":"^2.1.0","@types/qs":"^6.9.7","@types/randombytes":"^2.0.0","@types/react":"^18.0.5","@types/readable-stream":"^2.3.13","@types/rechoir":"^0.6.1","@types/request":"^2.48.8","@types/require-directory":"^2.1.2","@types/resolve":"^1.20.2","@types/retry":"^0.12.2","@types/rimraf":"^3.0.2","@types/safer-buffer":"^2.1.0","@types/sass-graph":"^2.1.3","@types/sass-loader":"^8.0.3","@types/semver":"^7.3.10","@types/serialize-javascript":"^5.0.2","@types/shebang-command":"^1.2.0","@types/signal-exit":"^3.0.1","@types/source-map-support":"^0.5.4","@types/spdx-correct":"^3.1.0","@types/spdx-expression-parse":"^3.0.1","@types/sshpk":"^1.17.0","@types/ssri":"^7.1.1","@types/stdout-stream":"^1.4.0","@types/supports-color":"^8.1.1","@types/svg-injector":"^0.0.29","@types/tar":"^6.1.1","@types/to-regex-range":"^5.0.0","@types/tough-cookie":"^4.0.2","@types/util-deprecate":"^1.0.0","@types/uuid":"^8.3.4","@types/validate-npm-package-license":"^3.0.1","@types/verror":"^1.10.5","@types/watchpack":"^1.1.7","@types/webpack-sources":"^3.2.0","@types/which":"^2.0.1","@types/wrap-ansi":"^8.0.1","@types/yallist":"^4.0.1","@types/yar":"^9.1.1","@types/yargs":"^17.0.10","@types/yargs-parser":"^21.0.0"}}
[14:25:03.191] Loaded content of '/home/master/.cache/typescript/4.5/package-lock.json'
[14:25:03.254] Adding entry into typings cache: 'abbrev' => '/home/master/.cache/typescript/4.5/node_modules/@types/abbrev/index.d.ts'
[14:25:03.262] Adding entry into typings cache: 'are-we-there-yet' => '/home/master/.cache/typescript/4.5/node_modules/@types/are-we-there-yet/index.d.ts'
[14:25:03.290] Adding entry into typings cache: 'asn1' => '/home/master/.cache/typescript/4.5/node_modules/@types/asn1/index.d.ts'
[14:25:03.305] Adding entry into typings cache: 'assert-plus' => '/home/master/.cache/typescript/4.5/node_modules/@types/assert-plus/index.d.ts'
[14:25:03.325] Adding entry into typings cache: 'aws4' => '/home/master/.cache/typescript/4.5/node_modules/@types/aws4/index.d.ts'
[14:25:03.335] Adding entry into typings cache: 'balanced-match' => '/home/master/.cache/typescript/4.5/node_modules/@types/balanced-match/index.d.ts'
[14:25:03.357] Adding entry into typings cache: 'big.js' => '/home/master/.cache/typescript/4.5/node_modules/@types/big.js/index.d.ts'
[14:25:03.364] Adding entry into typings cache: 'brace-expansion' => '/home/master/.cache/typescript/4.5/node_modules/@types/brace-expansion/index.d.ts'
[14:25:03.384] Adding entry into typings cache: 'braces' => '/home/master/.cache/typescript/4.5/node_modules/@types/braces/index.d.ts'
[14:25:03.404] Adding entry into typings cache: 'buffer-from' => '/home/master/.cache/typescript/4.5/node_modules/@types/buffer-from/index.d.ts'
[14:25:03.413] Adding entry into typings cache: 'cacache' => '/home/master/.cache/typescript/4.5/node_modules/@types/cacache/index.d.ts'
[14:25:03.419] Adding entry into typings cache: 'caniuse-lite' => '/home/master/.cache/typescript/4.5/node_modules/@types/caniuse-lite/index.d.ts'
[14:25:03.445] Adding entry into typings cache: 'caseless' => '/home/master/.cache/typescript/4.5/node_modules/@types/caseless/index.d.ts'
[14:25:03.448] Adding entry into typings cache: 'chownr' => '/home/master/.cache/typescript/4.5/node_modules/@types/chownr/index.d.ts'
[14:25:03.453] Adding entry into typings cache: 'clone-deep' => '/home/master/.cache/typescript/4.5/node_modules/@types/clone-deep/index.d.ts'
[14:25:03.457] Adding entry into typings cache: 'color-convert' => '/home/master/.cache/typescript/4.5/node_modules/@types/color-convert/index.d.ts'
[14:25:03.469] Adding entry into typings cache: 'color-name' => '/home/master/.cache/typescript/4.5/node_modules/@types/color-name/index.d.ts'
[14:25:03.475] Adding entry into typings cache: 'color-support' => '/home/master/.cache/typescript/4.5/node_modules/@types/color-support/index.d.ts'
[14:25:03.489] Adding entry into typings cache: 'combined-stream' => '/home/master/.cache/typescript/4.5/node_modules/@types/combined-stream/index.d.ts'
[14:25:03.497] Adding entry into typings cache: 'concat-map' => '/home/master/.cache/typescript/4.5/node_modules/@types/concat-map/index.d.ts'
[14:25:03.515] Adding entry into typings cache: 'cross-spawn' => '/home/master/.cache/typescript/4.5/node_modules/@types/cross-spawn/index.d.ts'
[14:25:03.520] Adding entry into typings cache: 'dashdash' => '/home/master/.cache/typescript/4.5/node_modules/@types/dashdash/index.d.ts'
[14:25:03.574] Adding entry into typings cache: 'debug' => '/home/master/.cache/typescript/4.5/node_modules/@types/debug/index.d.ts'
[14:25:03.578] Adding entry into typings cache: 'delegates' => '/home/master/.cache/typescript/4.5/node_modules/@types/delegates/index.d.ts'
[14:25:03.582] Adding entry into typings cache: 'depd' => '/home/master/.cache/typescript/4.5/node_modules/@types/depd/index.d.ts'
[14:25:03.605] Adding entry into typings cache: 'envinfo' => '/home/master/.cache/typescript/4.5/node_modules/@types/envinfo/index.d.ts'
[14:25:03.613] Adding entry into typings cache: 'eslint-scope' => '/home/master/.cache/typescript/4.5/node_modules/@types/eslint-scope/index.d.ts'
[14:25:03.623] Adding entry into typings cache: 'estraverse' => '/home/master/.cache/typescript/4.5/node_modules/@types/estraverse/index.d.ts'
[14:25:03.628] Adding entry into typings cache: 'events' => '/home/master/.cache/typescript/4.5/node_modules/@types/events/index.d.ts'
[14:25:03.632] Adding entry into typings cache: 'extend' => '/home/master/.cache/typescript/4.5/node_modules/@types/extend/index.d.ts'
[14:25:03.641] Adding entry into typings cache: 'extsprintf' => '/home/master/.cache/typescript/4.5/node_modules/@types/extsprintf/index.d.ts'
[14:25:03.657] Adding entry into typings cache: 'file-loader' => '/home/master/.cache/typescript/4.5/node_modules/@types/file-loader/index.d.ts'
[14:25:03.671] Adding entry into typings cache: 'fill-range' => '/home/master/.cache/typescript/4.5/node_modules/@types/fill-range/index.d.ts'
[14:25:03.681] Adding entry into typings cache: 'forever-agent' => '/home/master/.cache/typescript/4.5/node_modules/@types/forever-agent/index.d.ts'
[14:25:03.691] Adding entry into typings cache: 'function-bind' => '/home/master/.cache/typescript/4.5/node_modules/@types/function-bind/index.d.ts'
[14:25:03.695] Adding entry into typings cache: 'gaze' => '/home/master/.cache/typescript/4.5/node_modules/@types/gaze/index.d.ts'
[14:25:03.713] Adding entry into typings cache: 'getpass' => '/home/master/.cache/typescript/4.5/node_modules/@types/getpass/index.d.ts'
[14:25:03.729] Adding entry into typings cache: 'glob' => '/home/master/.cache/typescript/4.5/node_modules/@types/glob/index.d.ts'
[14:25:03.736] Adding entry into typings cache: 'glob-parent' => '/home/master/.cache/typescript/4.5/node_modules/@types/glob-parent/index.d.ts'
[14:25:03.740] Adding entry into typings cache: 'glob-to-regexp' => '/home/master/.cache/typescript/4.5/node_modules/@types/glob-to-regexp/index.d.ts'
[14:25:03.745] Adding entry into typings cache: 'globule' => '/home/master/.cache/typescript/4.5/node_modules/@types/globule/index.d.ts'
[14:25:03.753] Adding entry into typings cache: 'graceful-fs' => '/home/master/.cache/typescript/4.5/node_modules/@types/graceful-fs/index.d.ts'
[14:25:03.759] Adding entry into typings cache: 'has' => '/home/master/.cache/typescript/4.5/node_modules/@types/has/index.d.ts'
[14:25:03.764] Adding entry into typings cache: 'hosted-git-info' => '/home/master/.cache/typescript/4.5/node_modules/@types/hosted-git-info/index.d.ts'
[14:25:03.768] Adding entry into typings cache: 'http-cache-semantics' => '/home/master/.cache/typescript/4.5/node_modules/@types/http-cache-semantics/index.d.ts'
[14:25:03.772] Adding entry into typings cache: 'humanize-ms' => '/home/master/.cache/typescript/4.5/node_modules/@types/humanize-ms/index.d.ts'
[14:25:03.789] Adding entry into typings cache: 'imurmurhash' => '/home/master/.cache/typescript/4.5/node_modules/@types/imurmurhash/index.d.ts'
[14:25:03.801] Adding entry into typings cache: 'inherits' => '/home/master/.cache/typescript/4.5/node_modules/@types/inherits/index.d.ts'
[14:25:03.809] Adding entry into typings cache: 'interpret' => '/home/master/.cache/typescript/4.5/node_modules/@types/interpret/index.d.ts'
[14:25:03.827] Adding entry into typings cache: 'ip' => '/home/master/.cache/typescript/4.5/node_modules/@types/ip/index.d.ts'
[14:25:03.832] Adding entry into typings cache: 'is-core-module' => '/home/master/.cache/typescript/4.5/node_modules/@types/is-core-module/index.d.ts'
[14:25:03.858] Adding entry into typings cache: 'is-glob' => '/home/master/.cache/typescript/4.5/node_modules/@types/is-glob/index.d.ts'
[14:25:03.900] Adding entry into typings cache: 'is-number' => '/home/master/.cache/typescript/4.5/node_modules/@types/is-number/index.d.ts'
[14:25:03.904] Adding entry into typings cache: 'is-typedarray' => '/home/master/.cache/typescript/4.5/node_modules/@types/is-typedarray/index.d.ts'
[14:25:03.912] Adding entry into typings cache: 'isarray' => '/home/master/.cache/typescript/4.5/node_modules/@types/isarray/index.d.ts'
[14:25:03.915] Adding entry into typings cache: 'isexe' => '/home/master/.cache/typescript/4.5/node_modules/@types/isexe/index.d.ts'
[14:25:03.920] Adding entry into typings cache: 'isstream' => '/home/master/.cache/typescript/4.5/node_modules/@types/isstream/index.d.ts'
[14:25:03.932] Adding entry into typings cache: 'jsbn' => '/home/master/.cache/typescript/4.5/node_modules/@types/jsbn/index.d.ts'
[14:25:03.938] Adding entry into typings cache: 'json-schema' => '/home/master/.cache/typescript/4.5/node_modules/@types/json-schema/index.d.ts'
[14:25:03.958] Adding entry into typings cache: 'json-stringify-safe' => '/home/master/.cache/typescript/4.5/node_modules/@types/json-stringify-safe/index.d.ts'
[14:25:03.975] Adding entry into typings cache: 'kind-of' => '/home/master/.cache/typescript/4.5/node_modules/@types/kind-of/index.d.ts'
[14:25:03.985] Adding entry into typings cache: 'loader-runner' => '/home/master/.cache/typescript/4.5/node_modules/@types/loader-runner/index.d.ts'
[14:25:03.989] Adding entry into typings cache: 'loader-utils' => '/home/master/.cache/typescript/4.5/node_modules/@types/loader-utils/index.d.ts'
[14:25:03.996] Adding entry into typings cache: 'lodash' => '/home/master/.cache/typescript/4.5/node_modules/@types/lodash/index.d.ts'
[14:25:04.015] Adding entry into typings cache: 'make-fetch-happen' => '/home/master/.cache/typescript/4.5/node_modules/@types/make-fetch-happen/index.d.ts'
[14:25:04.031] Adding entry into typings cache: 'merge-stream' => '/home/master/.cache/typescript/4.5/node_modules/@types/merge-stream/index.d.ts'
[14:25:04.049] Adding entry into typings cache: 'mime-db' => '/home/master/.cache/typescript/4.5/node_modules/@types/mime-db/index.d.ts'
[14:25:04.071] Adding entry into typings cache: 'mime-types' => '/home/master/.cache/typescript/4.5/node_modules/@types/mime-types/index.d.ts'
[14:25:04.076] Adding entry into typings cache: 'min-indent' => '/home/master/.cache/typescript/4.5/node_modules/@types/min-indent/index.d.ts'
[14:25:04.084] Adding entry into typings cache: 'minimatch' => '/home/master/.cache/typescript/4.5/node_modules/@types/minimatch/index.d.ts'
[14:25:04.089] Adding entry into typings cache: 'minipass' => '/home/master/.cache/typescript/4.5/node_modules/@types/minipass/index.d.ts'
[14:25:04.094] Adding entry into typings cache: 'minizlib' => '/home/master/.cache/typescript/4.5/node_modules/@types/minizlib/index.d.ts'
[14:25:04.118] Adding entry into typings cache: 'mkdirp' => '/home/master/.cache/typescript/4.5/node_modules/@types/mkdirp/index.d.ts'
[14:25:04.138] Adding entry into typings cache: 'ms' => '/home/master/.cache/typescript/4.5/node_modules/@types/ms/index.d.ts'
[14:25:04.142] Adding entry into typings cache: 'negotiator' => '/home/master/.cache/typescript/4.5/node_modules/@types/negotiator/index.d.ts'
[14:25:04.149] Adding entry into typings cache: 'node-sass' => '/home/master/.cache/typescript/4.5/node_modules/@types/node-sass/index.d.ts'
[14:25:04.152] Adding entry into typings cache: 'nopt' => '/home/master/.cache/typescript/4.5/node_modules/@types/nopt/index.d.ts'
[14:25:04.157] Adding entry into typings cache: 'normalize-package-data' => '/home/master/.cache/typescript/4.5/node_modules/@types/normalize-package-data/index.d.ts'
[14:25:04.168] Adding entry into typings cache: 'normalize-path' => '/home/master/.cache/typescript/4.5/node_modules/@types/normalize-path/index.d.ts'
[14:25:04.172] Adding entry into typings cache: 'npmlog' => '/home/master/.cache/typescript/4.5/node_modules/@types/npmlog/index.d.ts'
[14:25:04.177] Adding entry into typings cache: 'object-assign' => '/home/master/.cache/typescript/4.5/node_modules/@types/object-assign/index.d.ts'
[14:25:04.180] Adding entry into typings cache: 'once' => '/home/master/.cache/typescript/4.5/node_modules/@types/once/index.d.ts'
[14:25:04.184] Adding entry into typings cache: 'parse-json' => '/home/master/.cache/typescript/4.5/node_modules/@types/parse-json/index.d.ts'
[14:25:04.225] Adding entry into typings cache: 'path-is-absolute' => '/home/master/.cache/typescript/4.5/node_modules/@types/path-is-absolute/index.d.ts'
[14:25:04.228] Adding entry into typings cache: 'path-parse' => '/home/master/.cache/typescript/4.5/node_modules/@types/path-parse/index.d.ts'
[14:25:04.252] Adding entry into typings cache: 'picomatch' => '/home/master/.cache/typescript/4.5/node_modules/@types/picomatch/index.d.ts'
[14:25:04.273] Adding entry into typings cache: 'promise-inflight' => '/home/master/.cache/typescript/4.5/node_modules/@types/promise-inflight/index.d.ts'
[14:25:04.277] Adding entry into typings cache: 'promise-retry' => '/home/master/.cache/typescript/4.5/node_modules/@types/promise-retry/index.d.ts'
[14:25:04.282] Adding entry into typings cache: 'prompts' => '/home/master/.cache/typescript/4.5/node_modules/@types/prompts/index.d.ts'
[14:25:04.286] Adding entry into typings cache: 'psl' => '/home/master/.cache/typescript/4.5/node_modules/@types/psl/index.d.ts'
[14:25:04.290] Adding entry into typings cache: 'punycode' => '/home/master/.cache/typescript/4.5/node_modules/@types/punycode/index.d.ts'
[14:25:04.296] Adding entry into typings cache: 'qs' => '/home/master/.cache/typescript/4.5/node_modules/@types/qs/index.d.ts'
[14:25:04.301] Adding entry into typings cache: 'randombytes' => '/home/master/.cache/typescript/4.5/node_modules/@types/randombytes/index.d.ts'
[14:25:04.336] Adding entry into typings cache: 'react' => '/home/master/.cache/typescript/4.5/node_modules/@types/react/index.d.ts'
[14:25:04.366] Adding entry into typings cache: 'readable-stream' => '/home/master/.cache/typescript/4.5/node_modules/@types/readable-stream/index.d.ts'
[14:25:04.370] Adding entry into typings cache: 'rechoir' => '/home/master/.cache/typescript/4.5/node_modules/@types/rechoir/index.d.ts'
[14:25:04.378] Adding entry into typings cache: 'request' => '/home/master/.cache/typescript/4.5/node_modules/@types/request/index.d.ts'
[14:25:04.395] Adding entry into typings cache: 'require-directory' => '/home/master/.cache/typescript/4.5/node_modules/@types/require-directory/index.d.ts'
[14:25:04.399] Adding entry into typings cache: 'resolve' => '/home/master/.cache/typescript/4.5/node_modules/@types/resolve/index.d.ts'
[14:25:04.406] Adding entry into typings cache: 'retry' => '/home/master/.cache/typescript/4.5/node_modules/@types/retry/index.d.ts'
[14:25:04.412] Adding entry into typings cache: 'rimraf' => '/home/master/.cache/typescript/4.5/node_modules/@types/rimraf/index.d.ts'
[14:25:04.422] Adding entry into typings cache: 'safer-buffer' => '/home/master/.cache/typescript/4.5/node_modules/@types/safer-buffer/index.d.ts'
[14:25:04.426] Adding entry into typings cache: 'sass-graph' => '/home/master/.cache/typescript/4.5/node_modules/@types/sass-graph/index.d.ts'
[14:25:04.429] Adding entry into typings cache: 'sass-loader' => '/home/master/.cache/typescript/4.5/node_modules/@types/sass-loader/index.d.ts'
[14:25:04.433] Adding entry into typings cache: 'semver' => '/home/master/.cache/typescript/4.5/node_modules/@types/semver/index.d.ts'
[14:25:04.440] Adding entry into typings cache: 'serialize-javascript' => '/home/master/.cache/typescript/4.5/node_modules/@types/serialize-javascript/index.d.ts'
[14:25:04.446] Adding entry into typings cache: 'shebang-command' => '/home/master/.cache/typescript/4.5/node_modules/@types/shebang-command/index.d.ts'
[14:25:04.449] Adding entry into typings cache: 'signal-exit' => '/home/master/.cache/typescript/4.5/node_modules/@types/signal-exit/index.d.ts'
[14:25:04.452] Adding entry into typings cache: 'source-map-support' => '/home/master/.cache/typescript/4.5/node_modules/@types/source-map-support/index.d.ts'
[14:25:04.457] Adding entry into typings cache: 'spdx-correct' => '/home/master/.cache/typescript/4.5/node_modules/@types/spdx-correct/index.d.ts'
[14:25:04.459] Adding entry into typings cache: 'spdx-expression-parse' => '/home/master/.cache/typescript/4.5/node_modules/@types/spdx-expression-parse/index.d.ts'
[14:25:04.462] Adding entry into typings cache: 'sshpk' => '/home/master/.cache/typescript/4.5/node_modules/@types/sshpk/index.d.ts'
[14:25:04.465] Adding entry into typings cache: 'ssri' => '/home/master/.cache/typescript/4.5/node_modules/@types/ssri/index.d.ts'
[14:25:04.468] Adding entry into typings cache: 'stdout-stream' => '/home/master/.cache/typescript/4.5/node_modules/@types/stdout-stream/index.d.ts'
[14:25:04.480] Adding entry into typings cache: 'supports-color' => '/home/master/.cache/typescript/4.5/node_modules/@types/supports-color/index.d.ts'
[14:25:04.500] Adding entry into typings cache: 'svg-injector' => '/home/master/.cache/typescript/4.5/node_modules/@types/svg-injector/index.d.ts'
[14:25:04.565] Adding entry into typings cache: 'tar' => '/home/master/.cache/typescript/4.5/node_modules/@types/tar/index.d.ts'
[14:25:04.637] Adding entry into typings cache: 'to-regex-range' => '/home/master/.cache/typescript/4.5/node_modules/@types/to-regex-range/index.d.ts'
[14:25:04.643] Adding entry into typings cache: 'tough-cookie' => '/home/master/.cache/typescript/4.5/node_modules/@types/tough-cookie/index.d.ts'
[14:25:04.689] Adding entry into typings cache: 'util-deprecate' => '/home/master/.cache/typescript/4.5/node_modules/@types/util-deprecate/index.d.ts'
[14:25:04.694] Adding entry into typings cache: 'uuid' => '/home/master/.cache/typescript/4.5/node_modules/@types/uuid/index.d.ts'
[14:25:04.698] Adding entry into typings cache: 'validate-npm-package-license' => '/home/master/.cache/typescript/4.5/node_modules/@types/validate-npm-package-license/index.d.ts'
[14:25:04.703] Adding entry into typings cache: 'verror' => '/home/master/.cache/typescript/4.5/node_modules/@types/verror/index.d.ts'
[14:25:04.708] Adding entry into typings cache: 'watchpack' => '/home/master/.cache/typescript/4.5/node_modules/@types/watchpack/index.d.ts'
[14:25:04.712] Adding entry into typings cache: 'webpack-sources' => '/home/master/.cache/typescript/4.5/node_modules/@types/webpack-sources/index.d.ts'
[14:25:04.716] Adding entry into typings cache: 'which' => '/home/master/.cache/typescript/4.5/node_modules/@types/which/index.d.ts'
[14:25:04.719] Adding entry into typings cache: 'wrap-ansi' => '/home/master/.cache/typescript/4.5/node_modules/@types/wrap-ansi/index.d.ts'
[14:25:04.725] Adding entry into typings cache: 'yallist' => '/home/master/.cache/typescript/4.5/node_modules/@types/yallist/index.d.ts'
[14:25:04.729] Adding entry into typings cache: 'yar' => '/home/master/.cache/typescript/4.5/node_modules/@types/yar/index.d.ts'
[14:25:04.733] Adding entry into typings cache: 'yargs' => '/home/master/.cache/typescript/4.5/node_modules/@types/yargs/index.d.ts'
[14:25:04.739] Adding entry into typings cache: 'yargs-parser' => '/home/master/.cache/typescript/4.5/node_modules/@types/yargs-parser/index.d.ts'
[14:25:04.739] Finished processing cache location '/home/master/.cache/typescript/4.5'
[14:25:04.751] Process id: 60506
[14:25:04.752] NPM location: /usr/local/bin/npm (explicit '--npmLocation' not  provided)
[14:25:04.752] validateDefaultNpmLocation: false
[14:25:04.752] Npm config file: /home/master/.cache/typescript/4.5/package.json
[14:25:04.753] Updating types-registry npm package...
[14:25:04.754] Exec: /usr/local/bin/npm install --ignore-scripts types-registry@latest
[14:25:13.355]     Succeeded. stdout:
    
    up to date, audited 310 packages in 6s

1 package is looking for funding
  run `npm fund` for details

3 high severity vulnerabilities

To address all issues (including breaking changes), run:
  npm audit fix --force

Run `npm audit` for details.

[14:25:13.356] Updated types-registry npm package
[14:25:13.766] Got install request {"projectName":"/dev/null/inferredProject1*","fileNames":["/usr/lib/node_modules/typescript/lib/lib.es5.d.ts","/usr/lib/node_modules/typescript/lib/lib.es2015.d.ts","/usr/lib/node_modules/typescript/lib/lib.es2016.d.ts","/usr/lib/node_modules/typescript/lib/lib.dom.d.ts","/usr/lib/node_modules/typescript/lib/lib.dom.iterable.d.ts","/usr/lib/node_modules/typescript/lib/lib.webworker.importscripts.d.ts","/usr/lib/node_modules/typescript/lib/lib.scripthost.d.ts","/usr/lib/node_modules/typescript/lib/lib.es2015.core.d.ts","/usr/lib/node_modules/typescript/lib/lib.es2015.collection.d.ts","/usr/lib/node_modules/typescript/lib/lib.es2015.generator.d.ts","/usr/lib/node_modules/typescript/lib/lib.es2015.iterable.d.ts","/usr/lib/node_modules/typescript/lib/lib.es2015.promise.d.ts","/usr/lib/node_modules/typescript/lib/lib.es2015.proxy.d.ts","/usr/lib/node_modules/typescript/lib/lib.es2015.reflect.d.ts","/usr/lib/node_modules/typescript/lib/lib.es2015.symbol.d.ts","/usr/lib/node_modules/typescript/lib/lib.es2015.symbol.wellknown.d.ts","/usr/lib/node_modules/typescript/lib/lib.es2016.array.include.d.ts","/usr/lib/node_modules/typescript/lib/lib.es2016.full.d.ts","/home/master/Projects/config-modules/index.js"],"compilerOptions":{"module":1,"target":3,"jsx":1,"allowJs":true,"allowSyntheticDefaultImports":true,"allowNonTsExtensions":true,"noEmitForJsFiles":true,"maxNodeModuleJsDepth":2},"typeAcquisition":{"enable":true,"include":[],"exclude":[]},"unresolvedImports":[],"projectRootPath":"/home/master/Projects/config-modules","kind":"discover"}
[14:25:13.882] Loaded safelist from types map file '/usr/lib/node_modules/typescript/lib/typesMap.json'
[14:25:13.885] Explicitly included types: []
[14:25:13.890] Typing names in '/home/master/Projects/config-modules/package.json' dependencies: ["prompts","yaml","yargs"]
[14:25:13.914] Searching for typing names in /home/master/Projects/config-modules/node_modules; all files: ["/home/master/Projects/config-modules/node_modules/.package-lock.json","/home/master/Projects/config-modules/node_modules/ansi-regex/package.json","/home/master/Projects/config-modules/node_modules/ansi-styles/package.json","/home/master/Projects/config-modules/node_modules/cliui/package.json","/home/master/Projects/config-modules/node_modules/color-convert/package.json","/home/master/Projects/config-modules/node_modules/color-name/package.json","/home/master/Projects/config-modules/node_modules/emoji-regex/package.json","/home/master/Projects/config-modules/node_modules/escalade/package.json","/home/master/Projects/config-modules/node_modules/get-caller-file/package.json","/home/master/Projects/config-modules/node_modules/is-fullwidth-code-point/package.json","/home/master/Projects/config-modules/node_modules/kleur/package.json","/home/master/Projects/config-modules/node_modules/prompts/package.json","/home/master/Projects/config-modules/node_modules/require-directory/package.json","/home/master/Projects/config-modules/node_modules/sisteransi/package.json","/home/master/Projects/config-modules/node_modules/string-width/package.json","/home/master/Projects/config-modules/node_modules/strip-ansi/package.json","/home/master/Projects/config-modules/node_modules/wrap-ansi/package.json","/home/master/Projects/config-modules/node_modules/y18n/package.json","/home/master/Projects/config-modules/node_modules/yaml/package.json","/home/master/Projects/config-modules/node_modules/yargs/package.json","/home/master/Projects/config-modules/node_modules/yargs-parser/package.json"]
[14:25:13.958]     Package 'emoji-regex' provides its own types.
[14:25:13.959]     Package 'escalade' provides its own types.
[14:25:13.971]     Package 'kleur' provides its own types.
[14:25:13.974]     Package 'sisteransi' provides its own types.
[14:25:14.032]     Found package names: ["ansi-regex","ansi-styles","cliui","color-convert","color-name","get-caller-file","is-fullwidth-code-point","prompts","require-directory","string-width","strip-ansi","wrap-ansi","y18n","yaml","yargs","yargs-parser"]
[14:25:14.033] Inferred typings from unresolved imports: []
[14:25:14.038] Result: {"cachedTypingPaths":["/home/master/.cache/typescript/4.5/node_modules/@types/prompts/index.d.ts","/home/master/.cache/typescript/4.5/node_modules/@types/yargs/index.d.ts","/home/master/Projects/config-modules/node_modules/emoji-regex/index.d.ts","/home/master/Projects/config-modules/node_modules/escalade/index.d.ts","/home/master/Projects/config-modules/node_modules/kleur/kleur.d.ts","/home/master/Projects/config-modules/node_modules/sisteransi/src/sisteransi.d.ts","/home/master/.cache/typescript/4.5/node_modules/@types/color-convert/index.d.ts","/home/master/.cache/typescript/4.5/node_modules/@types/color-name/index.d.ts","/home/master/.cache/typescript/4.5/node_modules/@types/require-directory/index.d.ts","/home/master/.cache/typescript/4.5/node_modules/@types/wrap-ansi/index.d.ts","/home/master/.cache/typescript/4.5/node_modules/@types/yargs-parser/index.d.ts"],"newTypingNames":["yaml","ansi-regex","ansi-styles","cliui","get-caller-file","is-fullwidth-code-point","string-width","strip-ansi","y18n"],"filesToWatch":["/home/master/Projects/config-modules/package.json","/home/master/Projects/config-modules/bower_components","/home/master/Projects/config-modules/node_modules"]}
[14:25:14.038] Finished typings discovery: {"cachedTypingPaths":["/home/master/.cache/typescript/4.5/node_modules/@types/prompts/index.d.ts","/home/master/.cache/typescript/4.5/node_modules/@types/yargs/index.d.ts","/home/master/Projects/config-modules/node_modules/emoji-regex/index.d.ts","/home/master/Projects/config-modules/node_modules/escalade/index.d.ts","/home/master/Projects/config-modules/node_modules/kleur/kleur.d.ts","/home/master/Projects/config-modules/node_modules/sisteransi/src/sisteransi.d.ts","/home/master/.cache/typescript/4.5/node_modules/@types/color-convert/index.d.ts","/home/master/.cache/typescript/4.5/node_modules/@types/color-name/index.d.ts","/home/master/.cache/typescript/4.5/node_modules/@types/require-directory/index.d.ts","/home/master/.cache/typescript/4.5/node_modules/@types/wrap-ansi/index.d.ts","/home/master/.cache/typescript/4.5/node_modules/@types/yargs-parser/index.d.ts"],"newTypingNames":["yaml","ansi-regex","ansi-styles","cliui","get-caller-file","is-fullwidth-code-point","string-width","strip-ansi","y18n"],"filesToWatch":["/home/master/Projects/config-modules/package.json","/home/master/Projects/config-modules/bower_components","/home/master/Projects/config-modules/node_modules"]}
[14:25:14.039] FileWatcher:: Added:: WatchInfo: /home/master/Projects/config-modules/package.json
[14:25:14.040] FileWatcher:: Added:: WatchInfo: /home/master/Projects/config-modules/package.json 2000 undefined Project: /dev/null/inferredProject1* watcher already invoked: false
[14:25:14.054] DirectoryWatcher:: Added:: WatchInfo: /home/master/Projects/config-modules/bower_components
[14:25:14.055] DirectoryWatcher:: Added:: WatchInfo: /home/master/Projects/config-modules/bower_components 1 undefined Project: /dev/null/inferredProject1* watcher already invoked: false
[14:25:14.057] Elapsed:: 2.2792770005762577ms DirectoryWatcher:: Added:: WatchInfo: /home/master/Projects/config-modules/bower_components 1 undefined Project: /dev/null/inferredProject1* watcher already invoked: false
[14:25:14.058] DirectoryWatcher:: Added:: WatchInfo: /home/master/Projects/config-modules/node_modules
[14:25:14.058] DirectoryWatcher:: Added:: WatchInfo: /home/master/Projects/config-modules/node_modules 1 undefined Project: /dev/null/inferredProject1* watcher already invoked: false
[14:25:14.120] Elapsed:: 61.983623998239636ms DirectoryWatcher:: Added:: WatchInfo: /home/master/Projects/config-modules/node_modules 1 undefined Project: /dev/null/inferredProject1* watcher already invoked: false
[14:25:14.121] Installing typings ["yaml","ansi-regex","ansi-styles","cliui","get-caller-file","is-fullwidth-code-point","string-width","strip-ansi","y18n"]
[14:25:14.121] 'yaml':: Entry for package 'yaml' does not exist in local types registry - skipping...
[14:25:14.122] 'ansi-regex':: Entry for package 'ansi-regex' does not exist in local types registry - skipping...
[14:25:14.122] 'ansi-styles':: Entry for package 'ansi-styles' does not exist in local types registry - skipping...
[14:25:14.122] 'cliui':: Entry for package 'cliui' does not exist in local types registry - skipping...
[14:25:14.122] 'get-caller-file':: Entry for package 'get-caller-file' does not exist in local types registry - skipping...
[14:25:14.122] 'is-fullwidth-code-point':: Entry for package 'is-fullwidth-code-point' does not exist in local types registry - skipping...
[14:25:14.122] 'string-width':: Entry for package 'string-width' does not exist in local types registry - skipping...
[14:25:14.123] 'strip-ansi':: Entry for package 'strip-ansi' does not exist in local types registry - skipping...
[14:25:14.123] 'y18n':: Entry for package 'y18n' does not exist in local types registry - skipping...
[14:25:14.123] All typings are known to be missing or invalid - no need to install more typings
[14:25:14.123] Sending response:
    {"projectName":"/dev/null/inferredProject1*","typeAcquisition":{"enable":true,"include":[],"exclude":[]},"compilerOptions":{"module":1,"target":3,"jsx":1,"allowJs":true,"allowSyntheticDefaultImports":true,"allowNonTsExtensions":true,"noEmitForJsFiles":true,"maxNodeModuleJsDepth":2},"typings":["/home/master/.cache/typescript/4.5/node_modules/@types/prompts/index.d.ts","/home/master/.cache/typescript/4.5/node_modules/@types/yargs/index.d.ts","/home/master/Projects/config-modules/node_modules/emoji-regex/index.d.ts","/home/master/Projects/config-modules/node_modules/escalade/index.d.ts","/home/master/Projects/config-modules/node_modules/kleur/kleur.d.ts","/home/master/Projects/config-modules/node_modules/sisteransi/src/sisteransi.d.ts","/home/master/.cache/typescript/4.5/node_modules/@types/color-convert/index.d.ts","/home/master/.cache/typescript/4.5/node_modules/@types/color-name/index.d.ts","/home/master/.cache/typescript/4.5/node_modules/@types/require-directory/index.d.ts","/home/master/.cache/typescript/4.5/node_modules/@types/wrap-ansi/index.d.ts","/home/master/.cache/typescript/4.5/node_modules/@types/yargs-parser/index.d.ts"],"unresolvedImports":[],"kind":"action::set"}
[14:25:14.134] Response has been sent.
[14:25:15.415] Got install request {"projectName":"/dev/null/inferredProject1*","fileNames":["/usr/lib/node_modules/typescript/lib/lib.es5.d.ts","/usr/lib/node_modules/typescript/lib/lib.es2015.d.ts","/usr/lib/node_modules/typescript/lib/lib.es2016.d.ts","/usr/lib/node_modules/typescript/lib/lib.dom.d.ts","/usr/lib/node_modules/typescript/lib/lib.dom.iterable.d.ts","/usr/lib/node_modules/typescript/lib/lib.webworker.importscripts.d.ts","/usr/lib/node_modules/typescript/lib/lib.scripthost.d.ts","/usr/lib/node_modules/typescript/lib/lib.es2015.core.d.ts","/usr/lib/node_modules/typescript/lib/lib.es2015.collection.d.ts","/usr/lib/node_modules/typescript/lib/lib.es2015.generator.d.ts","/usr/lib/node_modules/typescript/lib/lib.es2015.iterable.d.ts","/usr/lib/node_modules/typescript/lib/lib.es2015.promise.d.ts","/usr/lib/node_modules/typescript/lib/lib.es2015.proxy.d.ts","/usr/lib/node_modules/typescript/lib/lib.es2015.reflect.d.ts","/usr/lib/node_modules/typescript/lib/lib.es2015.symbol.d.ts","/usr/lib/node_modules/typescript/lib/lib.es2015.symbol.wellknown.d.ts","/usr/lib/node_modules/typescript/lib/lib.es2016.array.include.d.ts","/usr/lib/node_modules/typescript/lib/lib.es2016.full.d.ts","/home/master/.cache/typescript/4.5/node_modules/@types/yargs-parser/index.d.ts","/home/master/.cache/typescript/4.5/node_modules/@types/yargs/index.d.ts","/home/master/.cache/typescript/4.5/node_modules/@types/prompts/index.d.ts","/home/master/Projects/config-modules/index.js","/home/master/.cache/typescript/4.5/node_modules/@types/color-name/index.d.ts","/home/master/.cache/typescript/4.5/node_modules/@types/color-convert/index.d.ts","/home/master/.cache/typescript/4.5/node_modules/@types/require-directory/index.d.ts","/home/master/.cache/typescript/4.5/node_modules/@types/wrap-ansi/index.d.ts","/home/master/Projects/config-modules/node_modules/emoji-regex/index.d.ts","/home/master/Projects/config-modules/node_modules/escalade/index.d.ts","/home/master/Projects/config-modules/node_modules/kleur/kleur.d.ts","/home/master/Projects/config-modules/node_modules/sisteransi/src/sisteransi.d.ts"],"compilerOptions":{"module":1,"target":3,"jsx":1,"allowJs":true,"allowSyntheticDefaultImports":true,"allowNonTsExtensions":true,"noEmitForJsFiles":true,"maxNodeModuleJsDepth":2},"typeAcquisition":{"enable":true,"include":[],"exclude":[]},"unresolvedImports":[],"projectRootPath":"/home/master/Projects/config-modules","kind":"discover"}
[14:25:15.415] Explicitly included types: []
[14:25:15.416] Typing names in '/home/master/Projects/config-modules/package.json' dependencies: ["prompts","yaml","yargs"]
[14:25:15.420] Searching for typing names in /home/master/Projects/config-modules/node_modules; all files: ["/home/master/Projects/config-modules/node_modules/.package-lock.json","/home/master/Projects/config-modules/node_modules/ansi-regex/package.json","/home/master/Projects/config-modules/node_modules/ansi-styles/package.json","/home/master/Projects/config-modules/node_modules/cliui/package.json","/home/master/Projects/config-modules/node_modules/color-convert/package.json","/home/master/Projects/config-modules/node_modules/color-name/package.json","/home/master/Projects/config-modules/node_modules/emoji-regex/package.json","/home/master/Projects/config-modules/node_modules/escalade/package.json","/home/master/Projects/config-modules/node_modules/get-caller-file/package.json","/home/master/Projects/config-modules/node_modules/is-fullwidth-code-point/package.json","/home/master/Projects/config-modules/node_modules/kleur/package.json","/home/master/Projects/config-modules/node_modules/prompts/package.json","/home/master/Projects/config-modules/node_modules/require-directory/package.json","/home/master/Projects/config-modules/node_modules/sisteransi/package.json","/home/master/Projects/config-modules/node_modules/string-width/package.json","/home/master/Projects/config-modules/node_modules/strip-ansi/package.json","/home/master/Projects/config-modules/node_modules/wrap-ansi/package.json","/home/master/Projects/config-modules/node_modules/y18n/package.json","/home/master/Projects/config-modules/node_modules/yaml/package.json","/home/master/Projects/config-modules/node_modules/yargs/package.json","/home/master/Projects/config-modules/node_modules/yargs-parser/package.json"]
[14:25:15.427]     Package 'emoji-regex' provides its own types.
[14:25:15.427]     Package 'escalade' provides its own types.
[14:25:15.432]     Package 'kleur' provides its own types.
[14:25:15.434]     Package 'sisteransi' provides its own types.
[14:25:15.447]     Found package names: ["ansi-regex","ansi-styles","cliui","color-convert","color-name","get-caller-file","is-fullwidth-code-point","prompts","require-directory","string-width","strip-ansi","wrap-ansi","y18n","yaml","yargs","yargs-parser"]
[14:25:15.447] Inferred typings from unresolved imports: []
[14:25:15.448] Result: {"cachedTypingPaths":["/home/master/.cache/typescript/4.5/node_modules/@types/prompts/index.d.ts","/home/master/.cache/typescript/4.5/node_modules/@types/yargs/index.d.ts","/home/master/Projects/config-modules/node_modules/emoji-regex/index.d.ts","/home/master/Projects/config-modules/node_modules/escalade/index.d.ts","/home/master/Projects/config-modules/node_modules/kleur/kleur.d.ts","/home/master/Projects/config-modules/node_modules/sisteransi/src/sisteransi.d.ts","/home/master/.cache/typescript/4.5/node_modules/@types/color-convert/index.d.ts","/home/master/.cache/typescript/4.5/node_modules/@types/color-name/index.d.ts","/home/master/.cache/typescript/4.5/node_modules/@types/require-directory/index.d.ts","/home/master/.cache/typescript/4.5/node_modules/@types/wrap-ansi/index.d.ts","/home/master/.cache/typescript/4.5/node_modules/@types/yargs-parser/index.d.ts"],"newTypingNames":["yaml","ansi-regex","ansi-styles","cliui","get-caller-file","is-fullwidth-code-point","string-width","strip-ansi","y18n"],"filesToWatch":["/home/master/Projects/config-modules/package.json","/home/master/Projects/config-modules/bower_components","/home/master/Projects/config-modules/node_modules"]}
[14:25:15.448] Finished typings discovery: {"cachedTypingPaths":["/home/master/.cache/typescript/4.5/node_modules/@types/prompts/index.d.ts","/home/master/.cache/typescript/4.5/node_modules/@types/yargs/index.d.ts","/home/master/Projects/config-modules/node_modules/emoji-regex/index.d.ts","/home/master/Projects/config-modules/node_modules/escalade/index.d.ts","/home/master/Projects/config-modules/node_modules/kleur/kleur.d.ts","/home/master/Projects/config-modules/node_modules/sisteransi/src/sisteransi.d.ts","/home/master/.cache/typescript/4.5/node_modules/@types/color-convert/index.d.ts","/home/master/.cache/typescript/4.5/node_modules/@types/color-name/index.d.ts","/home/master/.cache/typescript/4.5/node_modules/@types/require-directory/index.d.ts","/home/master/.cache/typescript/4.5/node_modules/@types/wrap-ansi/index.d.ts","/home/master/.cache/typescript/4.5/node_modules/@types/yargs-parser/index.d.ts"],"newTypingNames":["yaml","ansi-regex","ansi-styles","cliui","get-caller-file","is-fullwidth-code-point","string-width","strip-ansi","y18n"],"filesToWatch":["/home/master/Projects/config-modules/package.json","/home/master/Projects/config-modules/bower_components","/home/master/Projects/config-modules/node_modules"]}
[14:25:15.448] Installing typings ["yaml","ansi-regex","ansi-styles","cliui","get-caller-file","is-fullwidth-code-point","string-width","strip-ansi","y18n"]
[14:25:15.448] 'yaml':: Entry for package 'yaml' does not exist in local types registry - skipping...
[14:25:15.449] 'ansi-regex':: Entry for package 'ansi-regex' does not exist in local types registry - skipping...
[14:25:15.449] 'ansi-styles':: Entry for package 'ansi-styles' does not exist in local types registry - skipping...
[14:25:15.449] 'cliui':: Entry for package 'cliui' does not exist in local types registry - skipping...
[14:25:15.449] 'get-caller-file':: Entry for package 'get-caller-file' does not exist in local types registry - skipping...
[14:25:15.449] 'is-fullwidth-code-point':: Entry for package 'is-fullwidth-code-point' does not exist in local types registry - skipping...
[14:25:15.449] 'string-width':: Entry for package 'string-width' does not exist in local types registry - skipping...
[14:25:15.449] 'strip-ansi':: Entry for package 'strip-ansi' does not exist in local types registry - skipping...
[14:25:15.449] 'y18n':: Entry for package 'y18n' does not exist in local types registry - skipping...
[14:25:15.449] All typings are known to be missing or invalid - no need to install more typings
[14:25:15.450] Sending response:
    {"projectName":"/dev/null/inferredProject1*","typeAcquisition":{"enable":true,"include":[],"exclude":[]},"compilerOptions":{"module":1,"target":3,"jsx":1,"allowJs":true,"allowSyntheticDefaultImports":true,"allowNonTsExtensions":true,"noEmitForJsFiles":true,"maxNodeModuleJsDepth":2},"typings":["/home/master/.cache/typescript/4.5/node_modules/@types/prompts/index.d.ts","/home/master/.cache/typescript/4.5/node_modules/@types/yargs/index.d.ts","/home/master/Projects/config-modules/node_modules/emoji-regex/index.d.ts","/home/master/Projects/config-modules/node_modules/escalade/index.d.ts","/home/master/Projects/config-modules/node_modules/kleur/kleur.d.ts","/home/master/Projects/config-modules/node_modules/sisteransi/src/sisteransi.d.ts","/home/master/.cache/typescript/4.5/node_modules/@types/color-convert/index.d.ts","/home/master/.cache/typescript/4.5/node_modules/@types/color-name/index.d.ts","/home/master/.cache/typescript/4.5/node_modules/@types/require-directory/index.d.ts","/home/master/.cache/typescript/4.5/node_modules/@types/wrap-ansi/index.d.ts","/home/master/.cache/typescript/4.5/node_modules/@types/yargs-parser/index.d.ts"],"unresolvedImports":[],"kind":"action::set"}
[14:25:15.450] Response has been sent.
