[17:13:58.903] Global cache location '/home/master/.cache/typescript/4.5', safe file path '/usr/lib/node_modules/typescript/lib/typingSafeList.json', types map path /usr/lib/node_modules/typescript/lib/typesMap.json
[17:13:58.904] Processing cache location '/home/master/.cache/typescript/4.5'
[17:13:58.904] Trying to find '/home/master/.cache/typescript/4.5/package.json'...
[17:13:58.906] Loaded content of '/home/master/.cache/typescript/4.5/package.json': {"private":true,"dependencies":{"types-registry":"^0.1.588"},"devDependencies":{"@types/object-assign":"^4.0.30","@types/react":"^18.0.5"}}
[17:13:58.906] Loaded content of '/home/master/.cache/typescript/4.5/package-lock.json'
[17:13:58.919] Adding entry into typings cache: 'object-assign' => '/home/master/.cache/typescript/4.5/node_modules/@types/object-assign/index.d.ts'
[17:13:58.926] Adding entry into typings cache: 'react' => '/home/master/.cache/typescript/4.5/node_modules/@types/react/index.d.ts'
[17:13:58.926] Finished processing cache location '/home/master/.cache/typescript/4.5'
[17:13:58.926] Process id: 9570
[17:13:58.926] NPM location: /usr/bin/npm (explicit '--npmLocation' not  provided)
[17:13:58.926] validateDefaultNpmLocation: false
[17:13:58.926] Npm config file: /home/master/.cache/typescript/4.5/package.json
[17:13:58.926] Updating types-registry npm package...
[17:13:58.927] Exec: /usr/bin/npm install --ignore-scripts types-registry@latest
[17:14:02.022]     Succeeded. stdout:
    
    changed 1 package, and audited 7 packages in 3s

found 0 vulnerabilities

[17:14:02.023] Updated types-registry npm package
[17:14:02.079] Got install request {"projectName":"/dev/null/inferredProject1*","fileNames":["/usr/lib/node_modules/typescript/lib/lib.es5.d.ts","/usr/lib/node_modules/typescript/lib/lib.es2015.d.ts","/usr/lib/node_modules/typescript/lib/lib.es2016.d.ts","/usr/lib/node_modules/typescript/lib/lib.dom.d.ts","/usr/lib/node_modules/typescript/lib/lib.dom.iterable.d.ts","/usr/lib/node_modules/typescript/lib/lib.webworker.importscripts.d.ts","/usr/lib/node_modules/typescript/lib/lib.scripthost.d.ts","/usr/lib/node_modules/typescript/lib/lib.es2015.core.d.ts","/usr/lib/node_modules/typescript/lib/lib.es2015.collection.d.ts","/usr/lib/node_modules/typescript/lib/lib.es2015.generator.d.ts","/usr/lib/node_modules/typescript/lib/lib.es2015.iterable.d.ts","/usr/lib/node_modules/typescript/lib/lib.es2015.promise.d.ts","/usr/lib/node_modules/typescript/lib/lib.es2015.proxy.d.ts","/usr/lib/node_modules/typescript/lib/lib.es2015.reflect.d.ts","/usr/lib/node_modules/typescript/lib/lib.es2015.symbol.d.ts","/usr/lib/node_modules/typescript/lib/lib.es2015.symbol.wellknown.d.ts","/usr/lib/node_modules/typescript/lib/lib.es2016.array.include.d.ts","/usr/lib/node_modules/typescript/lib/lib.es2016.full.d.ts","/home/master/config-modules/index.js"],"compilerOptions":{"module":1,"target":3,"jsx":1,"allowJs":true,"allowSyntheticDefaultImports":true,"allowNonTsExtensions":true,"noEmitForJsFiles":true,"maxNodeModuleJsDepth":2},"typeAcquisition":{"enable":true,"include":[],"exclude":[]},"unresolvedImports":[],"projectRootPath":"/home/master/config-modules","kind":"discover"}
[17:14:02.090] Loaded safelist from types map file '/usr/lib/node_modules/typescript/lib/typesMap.json'
[17:14:02.091] Explicitly included types: []
[17:14:02.091] Typing names in '/home/master/config-modules/package.json' dependencies: []
[17:14:02.092] Inferred typings from unresolved imports: []
[17:14:02.092] Result: {"cachedTypingPaths":[],"newTypingNames":[],"filesToWatch":["/home/master/config-modules/package.json","/home/master/config-modules/bower_components","/home/master/config-modules/node_modules"]}
[17:14:02.092] Finished typings discovery: {"cachedTypingPaths":[],"newTypingNames":[],"filesToWatch":["/home/master/config-modules/package.json","/home/master/config-modules/bower_components","/home/master/config-modules/node_modules"]}
[17:14:02.092] FileWatcher:: Added:: WatchInfo: /home/master/config-modules/package.json
[17:14:02.093] FileWatcher:: Added:: WatchInfo: /home/master/config-modules/package.json 2000 undefined Project: /dev/null/inferredProject1* watcher already invoked: false
[17:14:02.094] DirectoryWatcher:: Added:: WatchInfo: /home/master/config-modules/bower_components
[17:14:02.094] DirectoryWatcher:: Added:: WatchInfo: /home/master/config-modules/bower_components 1 undefined Project: /dev/null/inferredProject1* watcher already invoked: false
[17:14:02.094] Elapsed:: 0.5947770001366735ms DirectoryWatcher:: Added:: WatchInfo: /home/master/config-modules/bower_components 1 undefined Project: /dev/null/inferredProject1* watcher already invoked: false
[17:14:02.094] DirectoryWatcher:: Added:: WatchInfo: /home/master/config-modules/node_modules
[17:14:02.094] DirectoryWatcher:: Added:: WatchInfo: /home/master/config-modules/node_modules 1 undefined Project: /dev/null/inferredProject1* watcher already invoked: false
[17:14:02.095] Elapsed:: 0.09215900022536516ms DirectoryWatcher:: Added:: WatchInfo: /home/master/config-modules/node_modules 1 undefined Project: /dev/null/inferredProject1* watcher already invoked: false
[17:14:02.095] Sending response:
    {"projectName":"/dev/null/inferredProject1*","typeAcquisition":{"enable":true,"include":[],"exclude":[]},"compilerOptions":{"module":1,"target":3,"jsx":1,"allowJs":true,"allowSyntheticDefaultImports":true,"allowNonTsExtensions":true,"noEmitForJsFiles":true,"maxNodeModuleJsDepth":2},"typings":[],"unresolvedImports":[],"kind":"action::set"}
[17:14:02.095] Response has been sent.
[17:14:02.095] No new typings were requested as a result of typings discovery
[17:22:08.657] FileWatcher:: Triggered with /home/master/config-modules/package.json 1:: WatchInfo: /home/master/config-modules/package.json 2000 undefined Project: /dev/null/inferredProject1* watcher already invoked: false
[17:22:08.658] Sending response:
    {"projectName":"/dev/null/inferredProject1*","kind":"action::invalidate"}
[17:22:08.658] Response has been sent.
[17:22:08.658] Elapsed:: 0.5838570001069456ms FileWatcher:: Triggered with /home/master/config-modules/package.json 1:: WatchInfo: /home/master/config-modules/package.json 2000 undefined Project: /dev/null/inferredProject1* watcher already invoked: false
[17:22:08.760] Got install request {"projectName":"/dev/null/inferredProject1*","fileNames":["/usr/lib/node_modules/typescript/lib/lib.es5.d.ts","/usr/lib/node_modules/typescript/lib/lib.es2015.d.ts","/usr/lib/node_modules/typescript/lib/lib.es2016.d.ts","/usr/lib/node_modules/typescript/lib/lib.dom.d.ts","/usr/lib/node_modules/typescript/lib/lib.dom.iterable.d.ts","/usr/lib/node_modules/typescript/lib/lib.webworker.importscripts.d.ts","/usr/lib/node_modules/typescript/lib/lib.scripthost.d.ts","/usr/lib/node_modules/typescript/lib/lib.es2015.core.d.ts","/usr/lib/node_modules/typescript/lib/lib.es2015.collection.d.ts","/usr/lib/node_modules/typescript/lib/lib.es2015.generator.d.ts","/usr/lib/node_modules/typescript/lib/lib.es2015.iterable.d.ts","/usr/lib/node_modules/typescript/lib/lib.es2015.promise.d.ts","/usr/lib/node_modules/typescript/lib/lib.es2015.proxy.d.ts","/usr/lib/node_modules/typescript/lib/lib.es2015.reflect.d.ts","/usr/lib/node_modules/typescript/lib/lib.es2015.symbol.d.ts","/usr/lib/node_modules/typescript/lib/lib.es2015.symbol.wellknown.d.ts","/usr/lib/node_modules/typescript/lib/lib.es2016.array.include.d.ts","/usr/lib/node_modules/typescript/lib/lib.es2016.full.d.ts","/home/master/config-modules/index.js"],"compilerOptions":{"module":1,"target":3,"jsx":1,"allowJs":true,"allowSyntheticDefaultImports":true,"allowNonTsExtensions":true,"noEmitForJsFiles":true,"maxNodeModuleJsDepth":2},"typeAcquisition":{"enable":true,"include":[],"exclude":[]},"unresolvedImports":[],"projectRootPath":"/home/master/config-modules","kind":"discover"}
[17:22:08.760] Explicitly included types: []
[17:22:08.764] Typing names in '/home/master/config-modules/package.json' dependencies: []
[17:22:08.765] Inferred typings from unresolved imports: []
[17:22:08.765] Result: {"cachedTypingPaths":[],"newTypingNames":[],"filesToWatch":["/home/master/config-modules/package.json","/home/master/config-modules/bower_components","/home/master/config-modules/node_modules"]}
[17:22:08.766] Finished typings discovery: {"cachedTypingPaths":[],"newTypingNames":[],"filesToWatch":["/home/master/config-modules/package.json","/home/master/config-modules/bower_components","/home/master/config-modules/node_modules"]}
[17:22:08.766] Sending response:
    {"projectName":"/dev/null/inferredProject1*","typeAcquisition":{"enable":true,"include":[],"exclude":[]},"compilerOptions":{"module":1,"target":3,"jsx":1,"allowJs":true,"allowSyntheticDefaultImports":true,"allowNonTsExtensions":true,"noEmitForJsFiles":true,"maxNodeModuleJsDepth":2},"typings":[],"unresolvedImports":[],"kind":"action::set"}
[17:22:08.766] Response has been sent.
[17:22:08.767] No new typings were requested as a result of typings discovery
[17:23:13.666] Got install request {"projectName":"/dev/null/inferredProject1*","fileNames":["/usr/lib/node_modules/typescript/lib/lib.es5.d.ts","/usr/lib/node_modules/typescript/lib/lib.es2015.d.ts","/usr/lib/node_modules/typescript/lib/lib.es2016.d.ts","/usr/lib/node_modules/typescript/lib/lib.dom.d.ts","/usr/lib/node_modules/typescript/lib/lib.dom.iterable.d.ts","/usr/lib/node_modules/typescript/lib/lib.webworker.importscripts.d.ts","/usr/lib/node_modules/typescript/lib/lib.scripthost.d.ts","/usr/lib/node_modules/typescript/lib/lib.es2015.core.d.ts","/usr/lib/node_modules/typescript/lib/lib.es2015.collection.d.ts","/usr/lib/node_modules/typescript/lib/lib.es2015.generator.d.ts","/usr/lib/node_modules/typescript/lib/lib.es2015.iterable.d.ts","/usr/lib/node_modules/typescript/lib/lib.es2015.promise.d.ts","/usr/lib/node_modules/typescript/lib/lib.es2015.proxy.d.ts","/usr/lib/node_modules/typescript/lib/lib.es2015.reflect.d.ts","/usr/lib/node_modules/typescript/lib/lib.es2015.symbol.d.ts","/usr/lib/node_modules/typescript/lib/lib.es2015.symbol.wellknown.d.ts","/usr/lib/node_modules/typescript/lib/lib.es2016.array.include.d.ts","/usr/lib/node_modules/typescript/lib/lib.es2016.full.d.ts","/home/master/config-modules/index.js"],"compilerOptions":{"module":1,"target":3,"jsx":1,"allowJs":true,"allowSyntheticDefaultImports":true,"allowNonTsExtensions":true,"noEmitForJsFiles":true,"maxNodeModuleJsDepth":2},"typeAcquisition":{"enable":true,"include":[],"exclude":[]},"unresolvedImports":[],"projectRootPath":"/home/master/config-modules","kind":"discover"}
[17:23:13.666] Explicitly included types: []
[17:23:13.668] Typing names in '/home/master/config-modules/package.json' dependencies: []
[17:23:13.669] Inferred typings from unresolved imports: []
[17:23:13.669] Result: {"cachedTypingPaths":[],"newTypingNames":[],"filesToWatch":["/home/master/config-modules/package.json","/home/master/config-modules/bower_components","/home/master/config-modules/node_modules"]}
[17:23:13.669] Finished typings discovery: {"cachedTypingPaths":[],"newTypingNames":[],"filesToWatch":["/home/master/config-modules/package.json","/home/master/config-modules/bower_components","/home/master/config-modules/node_modules"]}
[17:23:13.670] Sending response:
    {"projectName":"/dev/null/inferredProject1*","typeAcquisition":{"enable":true,"include":[],"exclude":[]},"compilerOptions":{"module":1,"target":3,"jsx":1,"allowJs":true,"allowSyntheticDefaultImports":true,"allowNonTsExtensions":true,"noEmitForJsFiles":true,"maxNodeModuleJsDepth":2},"typings":[],"unresolvedImports":[],"kind":"action::set"}
[17:23:13.670] Response has been sent.
[17:23:13.671] No new typings were requested as a result of typings discovery
[17:27:32.962] Got install request {"projectName":"/dev/null/inferredProject1*","fileNames":["/usr/lib/node_modules/typescript/lib/lib.es5.d.ts","/usr/lib/node_modules/typescript/lib/lib.es2015.d.ts","/usr/lib/node_modules/typescript/lib/lib.es2016.d.ts","/usr/lib/node_modules/typescript/lib/lib.dom.d.ts","/usr/lib/node_modules/typescript/lib/lib.dom.iterable.d.ts","/usr/lib/node_modules/typescript/lib/lib.webworker.importscripts.d.ts","/usr/lib/node_modules/typescript/lib/lib.scripthost.d.ts","/usr/lib/node_modules/typescript/lib/lib.es2015.core.d.ts","/usr/lib/node_modules/typescript/lib/lib.es2015.collection.d.ts","/usr/lib/node_modules/typescript/lib/lib.es2015.generator.d.ts","/usr/lib/node_modules/typescript/lib/lib.es2015.iterable.d.ts","/usr/lib/node_modules/typescript/lib/lib.es2015.promise.d.ts","/usr/lib/node_modules/typescript/lib/lib.es2015.proxy.d.ts","/usr/lib/node_modules/typescript/lib/lib.es2015.reflect.d.ts","/usr/lib/node_modules/typescript/lib/lib.es2015.symbol.d.ts","/usr/lib/node_modules/typescript/lib/lib.es2015.symbol.wellknown.d.ts","/usr/lib/node_modules/typescript/lib/lib.es2016.array.include.d.ts","/usr/lib/node_modules/typescript/lib/lib.es2016.full.d.ts","/home/master/config-modules/index.js"],"compilerOptions":{"module":1,"target":3,"jsx":1,"allowJs":true,"allowSyntheticDefaultImports":true,"allowNonTsExtensions":true,"noEmitForJsFiles":true,"maxNodeModuleJsDepth":2},"typeAcquisition":{"enable":true,"include":[],"exclude":[]},"unresolvedImports":[],"projectRootPath":"/home/master/config-modules","kind":"discover"}
[17:27:32.962] Explicitly included types: []
[17:27:32.963] Typing names in '/home/master/config-modules/package.json' dependencies: []
[17:27:32.963] Inferred typings from unresolved imports: []
[17:27:32.963] Result: {"cachedTypingPaths":[],"newTypingNames":[],"filesToWatch":["/home/master/config-modules/package.json","/home/master/config-modules/bower_components","/home/master/config-modules/node_modules"]}
[17:27:32.963] Finished typings discovery: {"cachedTypingPaths":[],"newTypingNames":[],"filesToWatch":["/home/master/config-modules/package.json","/home/master/config-modules/bower_components","/home/master/config-modules/node_modules"]}
[17:27:32.963] Sending response:
    {"projectName":"/dev/null/inferredProject1*","typeAcquisition":{"enable":true,"include":[],"exclude":[]},"compilerOptions":{"module":1,"target":3,"jsx":1,"allowJs":true,"allowSyntheticDefaultImports":true,"allowNonTsExtensions":true,"noEmitForJsFiles":true,"maxNodeModuleJsDepth":2},"typings":[],"unresolvedImports":[],"kind":"action::set"}
[17:27:32.963] Response has been sent.
[17:27:32.963] No new typings were requested as a result of typings discovery
[17:28:07.593] sysLog:: /home/master/config-modules/node_modules:: Changing watcher to PresentFileSystemEntryWatcher
[17:28:08.594] sysLog:: onTimerToUpdateChildWatches:: 1
[17:28:08.610] sysLog:: invokingWatchers:: Elapsed:: 16.13010000018403ms:: 0
[17:28:08.611] DirectoryWatcher:: Triggered with /home/master/config-modules/node_modules :: WatchInfo: /home/master/config-modules/node_modules 1 undefined Project: /dev/null/inferredProject1* watcher already invoked: false
[17:28:08.611] Elapsed:: 0.18652800004929304ms DirectoryWatcher:: Triggered with /home/master/config-modules/node_modules :: WatchInfo: /home/master/config-modules/node_modules 1 undefined Project: /dev/null/inferredProject1* watcher already invoked: false
[17:28:08.611] sysLog:: Elapsed:: 17.269588000141084ms:: onTimerToUpdateChildWatches:: 0 undefined
[17:28:08.616] FileWatcher:: Triggered with /home/master/config-modules/package.json 1:: WatchInfo: /home/master/config-modules/package.json 2000 undefined Project: /dev/null/inferredProject1* watcher already invoked: false
[17:28:08.616] Sending response:
    {"projectName":"/dev/null/inferredProject1*","kind":"action::invalidate"}
[17:28:08.617] Response has been sent.
[17:28:08.617] Elapsed:: 0.32226600032299757ms FileWatcher:: Triggered with /home/master/config-modules/package.json 1:: WatchInfo: /home/master/config-modules/package.json 2000 undefined Project: /dev/null/inferredProject1* watcher already invoked: false
[17:28:08.718] Got install request {"projectName":"/dev/null/inferredProject1*","fileNames":["/usr/lib/node_modules/typescript/lib/lib.es5.d.ts","/usr/lib/node_modules/typescript/lib/lib.es2015.d.ts","/usr/lib/node_modules/typescript/lib/lib.es2016.d.ts","/usr/lib/node_modules/typescript/lib/lib.dom.d.ts","/usr/lib/node_modules/typescript/lib/lib.dom.iterable.d.ts","/usr/lib/node_modules/typescript/lib/lib.webworker.importscripts.d.ts","/usr/lib/node_modules/typescript/lib/lib.scripthost.d.ts","/usr/lib/node_modules/typescript/lib/lib.es2015.core.d.ts","/usr/lib/node_modules/typescript/lib/lib.es2015.collection.d.ts","/usr/lib/node_modules/typescript/lib/lib.es2015.generator.d.ts","/usr/lib/node_modules/typescript/lib/lib.es2015.iterable.d.ts","/usr/lib/node_modules/typescript/lib/lib.es2015.promise.d.ts","/usr/lib/node_modules/typescript/lib/lib.es2015.proxy.d.ts","/usr/lib/node_modules/typescript/lib/lib.es2015.reflect.d.ts","/usr/lib/node_modules/typescript/lib/lib.es2015.symbol.d.ts","/usr/lib/node_modules/typescript/lib/lib.es2015.symbol.wellknown.d.ts","/usr/lib/node_modules/typescript/lib/lib.es2016.array.include.d.ts","/usr/lib/node_modules/typescript/lib/lib.es2016.full.d.ts","/home/master/config-modules/index.js"],"compilerOptions":{"module":1,"target":3,"jsx":1,"allowJs":true,"allowSyntheticDefaultImports":true,"allowNonTsExtensions":true,"noEmitForJsFiles":true,"maxNodeModuleJsDepth":2},"typeAcquisition":{"enable":true,"include":[],"exclude":[]},"unresolvedImports":[],"projectRootPath":"/home/master/config-modules","kind":"discover"}
[17:28:08.719] Explicitly included types: []
[17:28:08.721] Typing names in '/home/master/config-modules/package.json' dependencies: ["yargs"]
[17:28:08.727] Searching for typing names in /home/master/config-modules/node_modules; all files: ["/home/master/config-modules/node_modules/.package-lock.json","/home/master/config-modules/node_modules/ansi-regex/package.json","/home/master/config-modules/node_modules/ansi-styles/package.json","/home/master/config-modules/node_modules/cliui/package.json","/home/master/config-modules/node_modules/color-convert/package.json","/home/master/config-modules/node_modules/color-name/package.json","/home/master/config-modules/node_modules/emoji-regex/package.json","/home/master/config-modules/node_modules/escalade/package.json","/home/master/config-modules/node_modules/get-caller-file/package.json","/home/master/config-modules/node_modules/is-fullwidth-code-point/package.json","/home/master/config-modules/node_modules/require-directory/package.json","/home/master/config-modules/node_modules/string-width/package.json","/home/master/config-modules/node_modules/strip-ansi/package.json","/home/master/config-modules/node_modules/wrap-ansi/package.json","/home/master/config-modules/node_modules/y18n/package.json","/home/master/config-modules/node_modules/yargs/package.json","/home/master/config-modules/node_modules/yargs-parser/package.json"]
[17:28:08.744]     Package 'emoji-regex' provides its own types.
[17:28:08.747]     Package 'escalade' provides its own types.
[17:28:08.765]     Found package names: ["ansi-regex","ansi-styles","cliui","color-convert","color-name","get-caller-file","is-fullwidth-code-point","require-directory","string-width","strip-ansi","wrap-ansi","y18n","yargs","yargs-parser"]
[17:28:08.765] Inferred typings from unresolved imports: []
[17:28:08.765] Result: {"cachedTypingPaths":["/home/master/config-modules/node_modules/emoji-regex/index.d.ts","/home/master/config-modules/node_modules/escalade/index.d.ts"],"newTypingNames":["yargs","ansi-regex","ansi-styles","cliui","color-convert","color-name","get-caller-file","is-fullwidth-code-point","require-directory","string-width","strip-ansi","wrap-ansi","y18n","yargs-parser"],"filesToWatch":["/home/master/config-modules/package.json","/home/master/config-modules/bower_components","/home/master/config-modules/node_modules"]}
[17:28:08.765] Finished typings discovery: {"cachedTypingPaths":["/home/master/config-modules/node_modules/emoji-regex/index.d.ts","/home/master/config-modules/node_modules/escalade/index.d.ts"],"newTypingNames":["yargs","ansi-regex","ansi-styles","cliui","color-convert","color-name","get-caller-file","is-fullwidth-code-point","require-directory","string-width","strip-ansi","wrap-ansi","y18n","yargs-parser"],"filesToWatch":["/home/master/config-modules/package.json","/home/master/config-modules/bower_components","/home/master/config-modules/node_modules"]}
[17:28:08.766] Installing typings ["yargs","ansi-regex","ansi-styles","cliui","color-convert","color-name","get-caller-file","is-fullwidth-code-point","require-directory","string-width","strip-ansi","wrap-ansi","y18n","yargs-parser"]
[17:28:08.766] 'ansi-regex':: Entry for package 'ansi-regex' does not exist in local types registry - skipping...
[17:28:08.766] 'ansi-styles':: Entry for package 'ansi-styles' does not exist in local types registry - skipping...
[17:28:08.766] 'cliui':: Entry for package 'cliui' does not exist in local types registry - skipping...
[17:28:08.766] 'get-caller-file':: Entry for package 'get-caller-file' does not exist in local types registry - skipping...
[17:28:08.766] 'is-fullwidth-code-point':: Entry for package 'is-fullwidth-code-point' does not exist in local types registry - skipping...
[17:28:08.766] 'string-width':: Entry for package 'string-width' does not exist in local types registry - skipping...
[17:28:08.766] 'strip-ansi':: Entry for package 'strip-ansi' does not exist in local types registry - skipping...
[17:28:08.766] 'y18n':: Entry for package 'y18n' does not exist in local types registry - skipping...
[17:28:08.766] Npm config file: /home/master/.cache/typescript/4.5/package.json
[17:28:08.767] Sending response:
    {"kind":"event::beginInstallTypes","eventId":1,"typingsInstallerVersion":"4.5.4","projectName":"/dev/null/inferredProject1*"}
[17:28:08.767] Response has been sent.
[17:28:08.767] #1 with arguments'["@types/yargs@ts4.5","@types/color-convert@ts4.5","@types/color-name@ts4.5","@types/require-directory@ts4.5","@types/wrap-ansi@ts4.5","@types/yargs-parser@ts4.5"]'.
[17:28:08.767] Exec: /usr/bin/npm install --ignore-scripts @types/yargs@ts4.5 @types/color-convert@ts4.5 @types/color-name@ts4.5 @types/require-directory@ts4.5 @types/wrap-ansi@ts4.5 @types/yargs-parser@ts4.5 --save-dev --user-agent="typesInstaller/4.5.4"
[17:28:10.401]     Succeeded. stdout:
    
    up to date, audited 15 packages in 1s

found 0 vulnerabilities

[17:28:10.401] npm install #1 took: 1634 ms
[17:28:10.402] Installed typings ["@types/yargs@ts4.5","@types/color-convert@ts4.5","@types/color-name@ts4.5","@types/require-directory@ts4.5","@types/wrap-ansi@ts4.5","@types/yargs-parser@ts4.5"]
[17:28:10.420] Installed typing files ["/home/master/.cache/typescript/4.5/node_modules/@types/yargs/index.d.ts","/home/master/.cache/typescript/4.5/node_modules/@types/color-convert/index.d.ts","/home/master/.cache/typescript/4.5/node_modules/@types/color-name/index.d.ts","/home/master/.cache/typescript/4.5/node_modules/@types/require-directory/index.d.ts","/home/master/.cache/typescript/4.5/node_modules/@types/wrap-ansi/index.d.ts","/home/master/.cache/typescript/4.5/node_modules/@types/yargs-parser/index.d.ts"]
[17:28:10.421] Sending response:
    {"projectName":"/dev/null/inferredProject1*","typeAcquisition":{"enable":true,"include":[],"exclude":[]},"compilerOptions":{"module":1,"target":3,"jsx":1,"allowJs":true,"allowSyntheticDefaultImports":true,"allowNonTsExtensions":true,"noEmitForJsFiles":true,"maxNodeModuleJsDepth":2},"typings":["/home/master/config-modules/node_modules/emoji-regex/index.d.ts","/home/master/config-modules/node_modules/escalade/index.d.ts","/home/master/.cache/typescript/4.5/node_modules/@types/yargs/index.d.ts","/home/master/.cache/typescript/4.5/node_modules/@types/color-convert/index.d.ts","/home/master/.cache/typescript/4.5/node_modules/@types/color-name/index.d.ts","/home/master/.cache/typescript/4.5/node_modules/@types/require-directory/index.d.ts","/home/master/.cache/typescript/4.5/node_modules/@types/wrap-ansi/index.d.ts","/home/master/.cache/typescript/4.5/node_modules/@types/yargs-parser/index.d.ts"],"unresolvedImports":[],"kind":"action::set"}
[17:28:10.421] Response has been sent.
[17:28:10.421] Sending response:
    {"kind":"event::endInstallTypes","eventId":1,"projectName":"/dev/null/inferredProject1*","packagesToInstall":["@types/yargs@ts4.5","@types/color-convert@ts4.5","@types/color-name@ts4.5","@types/require-directory@ts4.5","@types/wrap-ansi@ts4.5","@types/yargs-parser@ts4.5"],"installSuccess":true,"typingsInstallerVersion":"4.5.4"}
[17:28:10.421] Response has been sent.
[17:28:10.827] Got install request {"projectName":"/dev/null/inferredProject1*","fileNames":["/usr/lib/node_modules/typescript/lib/lib.es5.d.ts","/usr/lib/node_modules/typescript/lib/lib.es2015.d.ts","/usr/lib/node_modules/typescript/lib/lib.es2016.d.ts","/usr/lib/node_modules/typescript/lib/lib.dom.d.ts","/usr/lib/node_modules/typescript/lib/lib.dom.iterable.d.ts","/usr/lib/node_modules/typescript/lib/lib.webworker.importscripts.d.ts","/usr/lib/node_modules/typescript/lib/lib.scripthost.d.ts","/usr/lib/node_modules/typescript/lib/lib.es2015.core.d.ts","/usr/lib/node_modules/typescript/lib/lib.es2015.collection.d.ts","/usr/lib/node_modules/typescript/lib/lib.es2015.generator.d.ts","/usr/lib/node_modules/typescript/lib/lib.es2015.iterable.d.ts","/usr/lib/node_modules/typescript/lib/lib.es2015.promise.d.ts","/usr/lib/node_modules/typescript/lib/lib.es2015.proxy.d.ts","/usr/lib/node_modules/typescript/lib/lib.es2015.reflect.d.ts","/usr/lib/node_modules/typescript/lib/lib.es2015.symbol.d.ts","/usr/lib/node_modules/typescript/lib/lib.es2015.symbol.wellknown.d.ts","/usr/lib/node_modules/typescript/lib/lib.es2016.array.include.d.ts","/usr/lib/node_modules/typescript/lib/lib.es2016.full.d.ts","/home/master/.cache/typescript/4.5/node_modules/@types/yargs-parser/index.d.ts","/home/master/.cache/typescript/4.5/node_modules/@types/yargs/index.d.ts","/home/master/config-modules/index.js","/home/master/.cache/typescript/4.5/node_modules/@types/color-name/index.d.ts","/home/master/.cache/typescript/4.5/node_modules/@types/color-convert/index.d.ts","/home/master/.cache/typescript/4.5/node_modules/@types/require-directory/index.d.ts","/home/master/.cache/typescript/4.5/node_modules/@types/wrap-ansi/index.d.ts","/home/master/config-modules/node_modules/emoji-regex/index.d.ts","/home/master/config-modules/node_modules/escalade/index.d.ts"],"compilerOptions":{"module":1,"target":3,"jsx":1,"allowJs":true,"allowSyntheticDefaultImports":true,"allowNonTsExtensions":true,"noEmitForJsFiles":true,"maxNodeModuleJsDepth":2},"typeAcquisition":{"enable":true,"include":[],"exclude":[]},"unresolvedImports":[],"projectRootPath":"/home/master/config-modules","kind":"discover"}
[17:28:10.828] Explicitly included types: []
[17:28:10.829] Typing names in '/home/master/config-modules/package.json' dependencies: ["yargs"]
[17:28:10.832] Searching for typing names in /home/master/config-modules/node_modules; all files: ["/home/master/config-modules/node_modules/.package-lock.json","/home/master/config-modules/node_modules/ansi-regex/package.json","/home/master/config-modules/node_modules/ansi-styles/package.json","/home/master/config-modules/node_modules/cliui/package.json","/home/master/config-modules/node_modules/color-convert/package.json","/home/master/config-modules/node_modules/color-name/package.json","/home/master/config-modules/node_modules/emoji-regex/package.json","/home/master/config-modules/node_modules/escalade/package.json","/home/master/config-modules/node_modules/get-caller-file/package.json","/home/master/config-modules/node_modules/is-fullwidth-code-point/package.json","/home/master/config-modules/node_modules/require-directory/package.json","/home/master/config-modules/node_modules/string-width/package.json","/home/master/config-modules/node_modules/strip-ansi/package.json","/home/master/config-modules/node_modules/wrap-ansi/package.json","/home/master/config-modules/node_modules/y18n/package.json","/home/master/config-modules/node_modules/yargs/package.json","/home/master/config-modules/node_modules/yargs-parser/package.json"]
[17:28:10.845]     Package 'emoji-regex' provides its own types.
[17:28:10.847]     Package 'escalade' provides its own types.
[17:28:10.863]     Found package names: ["ansi-regex","ansi-styles","cliui","color-convert","color-name","get-caller-file","is-fullwidth-code-point","require-directory","string-width","strip-ansi","wrap-ansi","y18n","yargs","yargs-parser"]
[17:28:10.863] Inferred typings from unresolved imports: []
[17:28:10.867] Result: {"cachedTypingPaths":["/home/master/.cache/typescript/4.5/node_modules/@types/yargs/index.d.ts","/home/master/config-modules/node_modules/emoji-regex/index.d.ts","/home/master/config-modules/node_modules/escalade/index.d.ts","/home/master/.cache/typescript/4.5/node_modules/@types/color-convert/index.d.ts","/home/master/.cache/typescript/4.5/node_modules/@types/color-name/index.d.ts","/home/master/.cache/typescript/4.5/node_modules/@types/require-directory/index.d.ts","/home/master/.cache/typescript/4.5/node_modules/@types/wrap-ansi/index.d.ts","/home/master/.cache/typescript/4.5/node_modules/@types/yargs-parser/index.d.ts"],"newTypingNames":["ansi-regex","ansi-styles","cliui","get-caller-file","is-fullwidth-code-point","string-width","strip-ansi","y18n"],"filesToWatch":["/home/master/config-modules/package.json","/home/master/config-modules/bower_components","/home/master/config-modules/node_modules"]}
[17:28:10.867] Finished typings discovery: {"cachedTypingPaths":["/home/master/.cache/typescript/4.5/node_modules/@types/yargs/index.d.ts","/home/master/config-modules/node_modules/emoji-regex/index.d.ts","/home/master/config-modules/node_modules/escalade/index.d.ts","/home/master/.cache/typescript/4.5/node_modules/@types/color-convert/index.d.ts","/home/master/.cache/typescript/4.5/node_modules/@types/color-name/index.d.ts","/home/master/.cache/typescript/4.5/node_modules/@types/require-directory/index.d.ts","/home/master/.cache/typescript/4.5/node_modules/@types/wrap-ansi/index.d.ts","/home/master/.cache/typescript/4.5/node_modules/@types/yargs-parser/index.d.ts"],"newTypingNames":["ansi-regex","ansi-styles","cliui","get-caller-file","is-fullwidth-code-point","string-width","strip-ansi","y18n"],"filesToWatch":["/home/master/config-modules/package.json","/home/master/config-modules/bower_components","/home/master/config-modules/node_modules"]}
[17:28:10.867] Installing typings ["ansi-regex","ansi-styles","cliui","get-caller-file","is-fullwidth-code-point","string-width","strip-ansi","y18n"]
[17:28:10.867] 'ansi-regex':: Entry for package 'ansi-regex' does not exist in local types registry - skipping...
[17:28:10.868] 'ansi-styles':: Entry for package 'ansi-styles' does not exist in local types registry - skipping...
[17:28:10.868] 'cliui':: Entry for package 'cliui' does not exist in local types registry - skipping...
[17:28:10.868] 'get-caller-file':: Entry for package 'get-caller-file' does not exist in local types registry - skipping...
[17:28:10.868] 'is-fullwidth-code-point':: Entry for package 'is-fullwidth-code-point' does not exist in local types registry - skipping...
[17:28:10.868] 'string-width':: Entry for package 'string-width' does not exist in local types registry - skipping...
[17:28:10.868] 'strip-ansi':: Entry for package 'strip-ansi' does not exist in local types registry - skipping...
[17:28:10.868] 'y18n':: Entry for package 'y18n' does not exist in local types registry - skipping...
[17:28:10.868] All typings are known to be missing or invalid - no need to install more typings
[17:28:10.868] Sending response:
    {"projectName":"/dev/null/inferredProject1*","typeAcquisition":{"enable":true,"include":[],"exclude":[]},"compilerOptions":{"module":1,"target":3,"jsx":1,"allowJs":true,"allowSyntheticDefaultImports":true,"allowNonTsExtensions":true,"noEmitForJsFiles":true,"maxNodeModuleJsDepth":2},"typings":["/home/master/.cache/typescript/4.5/node_modules/@types/yargs/index.d.ts","/home/master/config-modules/node_modules/emoji-regex/index.d.ts","/home/master/config-modules/node_modules/escalade/index.d.ts","/home/master/.cache/typescript/4.5/node_modules/@types/color-convert/index.d.ts","/home/master/.cache/typescript/4.5/node_modules/@types/color-name/index.d.ts","/home/master/.cache/typescript/4.5/node_modules/@types/require-directory/index.d.ts","/home/master/.cache/typescript/4.5/node_modules/@types/wrap-ansi/index.d.ts","/home/master/.cache/typescript/4.5/node_modules/@types/yargs-parser/index.d.ts"],"unresolvedImports":[],"kind":"action::set"}
[17:28:10.868] Response has been sent.
[17:45:00.527] Got install request {"projectName":"/dev/null/inferredProject1*","fileNames":["/usr/lib/node_modules/typescript/lib/lib.es5.d.ts","/usr/lib/node_modules/typescript/lib/lib.es2015.d.ts","/usr/lib/node_modules/typescript/lib/lib.es2016.d.ts","/usr/lib/node_modules/typescript/lib/lib.dom.d.ts","/usr/lib/node_modules/typescript/lib/lib.dom.iterable.d.ts","/usr/lib/node_modules/typescript/lib/lib.webworker.importscripts.d.ts","/usr/lib/node_modules/typescript/lib/lib.scripthost.d.ts","/usr/lib/node_modules/typescript/lib/lib.es2015.core.d.ts","/usr/lib/node_modules/typescript/lib/lib.es2015.collection.d.ts","/usr/lib/node_modules/typescript/lib/lib.es2015.generator.d.ts","/usr/lib/node_modules/typescript/lib/lib.es2015.iterable.d.ts","/usr/lib/node_modules/typescript/lib/lib.es2015.promise.d.ts","/usr/lib/node_modules/typescript/lib/lib.es2015.proxy.d.ts","/usr/lib/node_modules/typescript/lib/lib.es2015.reflect.d.ts","/usr/lib/node_modules/typescript/lib/lib.es2015.symbol.d.ts","/usr/lib/node_modules/typescript/lib/lib.es2015.symbol.wellknown.d.ts","/usr/lib/node_modules/typescript/lib/lib.es2016.array.include.d.ts","/usr/lib/node_modules/typescript/lib/lib.es2016.full.d.ts","/home/master/.cache/typescript/4.5/node_modules/@types/yargs-parser/index.d.ts","/home/master/.cache/typescript/4.5/node_modules/@types/yargs/index.d.ts","/home/master/config-modules/index.js","/home/master/.cache/typescript/4.5/node_modules/@types/color-name/index.d.ts","/home/master/.cache/typescript/4.5/node_modules/@types/color-convert/index.d.ts","/home/master/.cache/typescript/4.5/node_modules/@types/require-directory/index.d.ts","/home/master/.cache/typescript/4.5/node_modules/@types/wrap-ansi/index.d.ts","/home/master/config-modules/node_modules/emoji-regex/index.d.ts","/home/master/config-modules/node_modules/escalade/index.d.ts"],"compilerOptions":{"module":1,"target":3,"jsx":1,"allowJs":true,"allowSyntheticDefaultImports":true,"allowNonTsExtensions":true,"noEmitForJsFiles":true,"maxNodeModuleJsDepth":2},"typeAcquisition":{"enable":true,"include":[],"exclude":[]},"unresolvedImports":[],"projectRootPath":"/home/master/config-modules","kind":"discover"}
[17:45:00.527] Explicitly included types: []
[17:45:00.528] Typing names in '/home/master/config-modules/package.json' dependencies: ["yargs"]
[17:45:00.531] Searching for typing names in /home/master/config-modules/node_modules; all files: ["/home/master/config-modules/node_modules/.package-lock.json","/home/master/config-modules/node_modules/ansi-regex/package.json","/home/master/config-modules/node_modules/ansi-styles/package.json","/home/master/config-modules/node_modules/cliui/package.json","/home/master/config-modules/node_modules/color-convert/package.json","/home/master/config-modules/node_modules/color-name/package.json","/home/master/config-modules/node_modules/emoji-regex/package.json","/home/master/config-modules/node_modules/escalade/package.json","/home/master/config-modules/node_modules/get-caller-file/package.json","/home/master/config-modules/node_modules/is-fullwidth-code-point/package.json","/home/master/config-modules/node_modules/require-directory/package.json","/home/master/config-modules/node_modules/string-width/package.json","/home/master/config-modules/node_modules/strip-ansi/package.json","/home/master/config-modules/node_modules/wrap-ansi/package.json","/home/master/config-modules/node_modules/y18n/package.json","/home/master/config-modules/node_modules/yargs/package.json","/home/master/config-modules/node_modules/yargs-parser/package.json"]
[17:45:00.539]     Package 'emoji-regex' provides its own types.
[17:45:00.541]     Package 'escalade' provides its own types.
[17:45:00.565]     Found package names: ["ansi-regex","ansi-styles","cliui","color-convert","color-name","get-caller-file","is-fullwidth-code-point","require-directory","string-width","strip-ansi","wrap-ansi","y18n","yargs","yargs-parser"]
[17:45:00.566] Inferred typings from unresolved imports: []
[17:45:00.566] Result: {"cachedTypingPaths":["/home/master/.cache/typescript/4.5/node_modules/@types/yargs/index.d.ts","/home/master/config-modules/node_modules/emoji-regex/index.d.ts","/home/master/config-modules/node_modules/escalade/index.d.ts","/home/master/.cache/typescript/4.5/node_modules/@types/color-convert/index.d.ts","/home/master/.cache/typescript/4.5/node_modules/@types/color-name/index.d.ts","/home/master/.cache/typescript/4.5/node_modules/@types/require-directory/index.d.ts","/home/master/.cache/typescript/4.5/node_modules/@types/wrap-ansi/index.d.ts","/home/master/.cache/typescript/4.5/node_modules/@types/yargs-parser/index.d.ts"],"newTypingNames":["ansi-regex","ansi-styles","cliui","get-caller-file","is-fullwidth-code-point","string-width","strip-ansi","y18n"],"filesToWatch":["/home/master/config-modules/package.json","/home/master/config-modules/bower_components","/home/master/config-modules/node_modules"]}
[17:45:00.566] Finished typings discovery: {"cachedTypingPaths":["/home/master/.cache/typescript/4.5/node_modules/@types/yargs/index.d.ts","/home/master/config-modules/node_modules/emoji-regex/index.d.ts","/home/master/config-modules/node_modules/escalade/index.d.ts","/home/master/.cache/typescript/4.5/node_modules/@types/color-convert/index.d.ts","/home/master/.cache/typescript/4.5/node_modules/@types/color-name/index.d.ts","/home/master/.cache/typescript/4.5/node_modules/@types/require-directory/index.d.ts","/home/master/.cache/typescript/4.5/node_modules/@types/wrap-ansi/index.d.ts","/home/master/.cache/typescript/4.5/node_modules/@types/yargs-parser/index.d.ts"],"newTypingNames":["ansi-regex","ansi-styles","cliui","get-caller-file","is-fullwidth-code-point","string-width","strip-ansi","y18n"],"filesToWatch":["/home/master/config-modules/package.json","/home/master/config-modules/bower_components","/home/master/config-modules/node_modules"]}
[17:45:00.566] Installing typings ["ansi-regex","ansi-styles","cliui","get-caller-file","is-fullwidth-code-point","string-width","strip-ansi","y18n"]
[17:45:00.566] 'ansi-regex':: Entry for package 'ansi-regex' does not exist in local types registry - skipping...
[17:45:00.566] 'ansi-styles':: Entry for package 'ansi-styles' does not exist in local types registry - skipping...
[17:45:00.566] 'cliui':: Entry for package 'cliui' does not exist in local types registry - skipping...
[17:45:00.566] 'get-caller-file':: Entry for package 'get-caller-file' does not exist in local types registry - skipping...
[17:45:00.566] 'is-fullwidth-code-point':: Entry for package 'is-fullwidth-code-point' does not exist in local types registry - skipping...
[17:45:00.566] 'string-width':: Entry for package 'string-width' does not exist in local types registry - skipping...
[17:45:00.566] 'strip-ansi':: Entry for package 'strip-ansi' does not exist in local types registry - skipping...
[17:45:00.566] 'y18n':: Entry for package 'y18n' does not exist in local types registry - skipping...
[17:45:00.566] All typings are known to be missing or invalid - no need to install more typings
[17:45:00.567] Sending response:
    {"projectName":"/dev/null/inferredProject1*","typeAcquisition":{"enable":true,"include":[],"exclude":[]},"compilerOptions":{"module":1,"target":3,"jsx":1,"allowJs":true,"allowSyntheticDefaultImports":true,"allowNonTsExtensions":true,"noEmitForJsFiles":true,"maxNodeModuleJsDepth":2},"typings":["/home/master/.cache/typescript/4.5/node_modules/@types/yargs/index.d.ts","/home/master/config-modules/node_modules/emoji-regex/index.d.ts","/home/master/config-modules/node_modules/escalade/index.d.ts","/home/master/.cache/typescript/4.5/node_modules/@types/color-convert/index.d.ts","/home/master/.cache/typescript/4.5/node_modules/@types/color-name/index.d.ts","/home/master/.cache/typescript/4.5/node_modules/@types/require-directory/index.d.ts","/home/master/.cache/typescript/4.5/node_modules/@types/wrap-ansi/index.d.ts","/home/master/.cache/typescript/4.5/node_modules/@types/yargs-parser/index.d.ts"],"unresolvedImports":[],"kind":"action::set"}
[17:45:00.567] Response has been sent.
[17:45:09.842] Got install request {"projectName":"/dev/null/inferredProject1*","fileNames":["/usr/lib/node_modules/typescript/lib/lib.es5.d.ts","/usr/lib/node_modules/typescript/lib/lib.es2015.d.ts","/usr/lib/node_modules/typescript/lib/lib.es2016.d.ts","/usr/lib/node_modules/typescript/lib/lib.dom.d.ts","/usr/lib/node_modules/typescript/lib/lib.dom.iterable.d.ts","/usr/lib/node_modules/typescript/lib/lib.webworker.importscripts.d.ts","/usr/lib/node_modules/typescript/lib/lib.scripthost.d.ts","/usr/lib/node_modules/typescript/lib/lib.es2015.core.d.ts","/usr/lib/node_modules/typescript/lib/lib.es2015.collection.d.ts","/usr/lib/node_modules/typescript/lib/lib.es2015.generator.d.ts","/usr/lib/node_modules/typescript/lib/lib.es2015.iterable.d.ts","/usr/lib/node_modules/typescript/lib/lib.es2015.promise.d.ts","/usr/lib/node_modules/typescript/lib/lib.es2015.proxy.d.ts","/usr/lib/node_modules/typescript/lib/lib.es2015.reflect.d.ts","/usr/lib/node_modules/typescript/lib/lib.es2015.symbol.d.ts","/usr/lib/node_modules/typescript/lib/lib.es2015.symbol.wellknown.d.ts","/usr/lib/node_modules/typescript/lib/lib.es2016.array.include.d.ts","/usr/lib/node_modules/typescript/lib/lib.es2016.full.d.ts","/home/master/.cache/typescript/4.5/node_modules/@types/yargs-parser/index.d.ts","/home/master/.cache/typescript/4.5/node_modules/@types/yargs/index.d.ts","/home/master/config-modules/index.js","/home/master/.cache/typescript/4.5/node_modules/@types/color-name/index.d.ts","/home/master/.cache/typescript/4.5/node_modules/@types/color-convert/index.d.ts","/home/master/.cache/typescript/4.5/node_modules/@types/require-directory/index.d.ts","/home/master/.cache/typescript/4.5/node_modules/@types/wrap-ansi/index.d.ts","/home/master/config-modules/node_modules/emoji-regex/index.d.ts","/home/master/config-modules/node_modules/escalade/index.d.ts"],"compilerOptions":{"module":1,"target":3,"jsx":1,"allowJs":true,"allowSyntheticDefaultImports":true,"allowNonTsExtensions":true,"noEmitForJsFiles":true,"maxNodeModuleJsDepth":2},"typeAcquisition":{"enable":true,"include":[],"exclude":[]},"unresolvedImports":[],"projectRootPath":"/home/master/config-modules","kind":"discover"}
[17:45:09.842] Explicitly included types: []
[17:45:09.842] Typing names in '/home/master/config-modules/package.json' dependencies: ["yargs"]
[17:45:09.843] Searching for typing names in /home/master/config-modules/node_modules; all files: ["/home/master/config-modules/node_modules/.package-lock.json","/home/master/config-modules/node_modules/ansi-regex/package.json","/home/master/config-modules/node_modules/ansi-styles/package.json","/home/master/config-modules/node_modules/cliui/package.json","/home/master/config-modules/node_modules/color-convert/package.json","/home/master/config-modules/node_modules/color-name/package.json","/home/master/config-modules/node_modules/emoji-regex/package.json","/home/master/config-modules/node_modules/escalade/package.json","/home/master/config-modules/node_modules/get-caller-file/package.json","/home/master/config-modules/node_modules/is-fullwidth-code-point/package.json","/home/master/config-modules/node_modules/require-directory/package.json","/home/master/config-modules/node_modules/string-width/package.json","/home/master/config-modules/node_modules/strip-ansi/package.json","/home/master/config-modules/node_modules/wrap-ansi/package.json","/home/master/config-modules/node_modules/y18n/package.json","/home/master/config-modules/node_modules/yargs/package.json","/home/master/config-modules/node_modules/yargs-parser/package.json"]
[17:45:09.845]     Package 'emoji-regex' provides its own types.
[17:45:09.845]     Package 'escalade' provides its own types.
[17:45:09.855]     Found package names: ["ansi-regex","ansi-styles","cliui","color-convert","color-name","get-caller-file","is-fullwidth-code-point","require-directory","string-width","strip-ansi","wrap-ansi","y18n","yargs","yargs-parser"]
[17:45:09.855] Inferred typings from unresolved imports: []
[17:45:09.855] Result: {"cachedTypingPaths":["/home/master/.cache/typescript/4.5/node_modules/@types/yargs/index.d.ts","/home/master/config-modules/node_modules/emoji-regex/index.d.ts","/home/master/config-modules/node_modules/escalade/index.d.ts","/home/master/.cache/typescript/4.5/node_modules/@types/color-convert/index.d.ts","/home/master/.cache/typescript/4.5/node_modules/@types/color-name/index.d.ts","/home/master/.cache/typescript/4.5/node_modules/@types/require-directory/index.d.ts","/home/master/.cache/typescript/4.5/node_modules/@types/wrap-ansi/index.d.ts","/home/master/.cache/typescript/4.5/node_modules/@types/yargs-parser/index.d.ts"],"newTypingNames":["ansi-regex","ansi-styles","cliui","get-caller-file","is-fullwidth-code-point","string-width","strip-ansi","y18n"],"filesToWatch":["/home/master/config-modules/package.json","/home/master/config-modules/bower_components","/home/master/config-modules/node_modules"]}
[17:45:09.855] Finished typings discovery: {"cachedTypingPaths":["/home/master/.cache/typescript/4.5/node_modules/@types/yargs/index.d.ts","/home/master/config-modules/node_modules/emoji-regex/index.d.ts","/home/master/config-modules/node_modules/escalade/index.d.ts","/home/master/.cache/typescript/4.5/node_modules/@types/color-convert/index.d.ts","/home/master/.cache/typescript/4.5/node_modules/@types/color-name/index.d.ts","/home/master/.cache/typescript/4.5/node_modules/@types/require-directory/index.d.ts","/home/master/.cache/typescript/4.5/node_modules/@types/wrap-ansi/index.d.ts","/home/master/.cache/typescript/4.5/node_modules/@types/yargs-parser/index.d.ts"],"newTypingNames":["ansi-regex","ansi-styles","cliui","get-caller-file","is-fullwidth-code-point","string-width","strip-ansi","y18n"],"filesToWatch":["/home/master/config-modules/package.json","/home/master/config-modules/bower_components","/home/master/config-modules/node_modules"]}
[17:45:09.856] Installing typings ["ansi-regex","ansi-styles","cliui","get-caller-file","is-fullwidth-code-point","string-width","strip-ansi","y18n"]
[17:45:09.856] 'ansi-regex':: Entry for package 'ansi-regex' does not exist in local types registry - skipping...
[17:45:09.856] 'ansi-styles':: Entry for package 'ansi-styles' does not exist in local types registry - skipping...
[17:45:09.856] 'cliui':: Entry for package 'cliui' does not exist in local types registry - skipping...
[17:45:09.856] 'get-caller-file':: Entry for package 'get-caller-file' does not exist in local types registry - skipping...
[17:45:09.856] 'is-fullwidth-code-point':: Entry for package 'is-fullwidth-code-point' does not exist in local types registry - skipping...
[17:45:09.856] 'string-width':: Entry for package 'string-width' does not exist in local types registry - skipping...
[17:45:09.856] 'strip-ansi':: Entry for package 'strip-ansi' does not exist in local types registry - skipping...
[17:45:09.856] 'y18n':: Entry for package 'y18n' does not exist in local types registry - skipping...
[17:45:09.856] All typings are known to be missing or invalid - no need to install more typings
[17:45:09.856] Sending response:
    {"projectName":"/dev/null/inferredProject1*","typeAcquisition":{"enable":true,"include":[],"exclude":[]},"compilerOptions":{"module":1,"target":3,"jsx":1,"allowJs":true,"allowSyntheticDefaultImports":true,"allowNonTsExtensions":true,"noEmitForJsFiles":true,"maxNodeModuleJsDepth":2},"typings":["/home/master/.cache/typescript/4.5/node_modules/@types/yargs/index.d.ts","/home/master/config-modules/node_modules/emoji-regex/index.d.ts","/home/master/config-modules/node_modules/escalade/index.d.ts","/home/master/.cache/typescript/4.5/node_modules/@types/color-convert/index.d.ts","/home/master/.cache/typescript/4.5/node_modules/@types/color-name/index.d.ts","/home/master/.cache/typescript/4.5/node_modules/@types/require-directory/index.d.ts","/home/master/.cache/typescript/4.5/node_modules/@types/wrap-ansi/index.d.ts","/home/master/.cache/typescript/4.5/node_modules/@types/yargs-parser/index.d.ts"],"unresolvedImports":[],"kind":"action::set"}
[17:45:09.856] Response has been sent.
[17:45:19.374] FileWatcher:: Triggered with /home/master/config-modules/package.json 1:: WatchInfo: /home/master/config-modules/package.json 2000 undefined Project: /dev/null/inferredProject1* watcher already invoked: false
[17:45:19.374] Sending response:
    {"projectName":"/dev/null/inferredProject1*","kind":"action::invalidate"}
[17:45:19.374] Response has been sent.
[17:45:19.375] Elapsed:: 0.3570249998010695ms FileWatcher:: Triggered with /home/master/config-modules/package.json 1:: WatchInfo: /home/master/config-modules/package.json 2000 undefined Project: /dev/null/inferredProject1* watcher already invoked: false
[17:45:19.476] Got install request {"projectName":"/dev/null/inferredProject1*","fileNames":["/usr/lib/node_modules/typescript/lib/lib.es5.d.ts","/usr/lib/node_modules/typescript/lib/lib.es2015.d.ts","/usr/lib/node_modules/typescript/lib/lib.es2016.d.ts","/usr/lib/node_modules/typescript/lib/lib.dom.d.ts","/usr/lib/node_modules/typescript/lib/lib.dom.iterable.d.ts","/usr/lib/node_modules/typescript/lib/lib.webworker.importscripts.d.ts","/usr/lib/node_modules/typescript/lib/lib.scripthost.d.ts","/usr/lib/node_modules/typescript/lib/lib.es2015.core.d.ts","/usr/lib/node_modules/typescript/lib/lib.es2015.collection.d.ts","/usr/lib/node_modules/typescript/lib/lib.es2015.generator.d.ts","/usr/lib/node_modules/typescript/lib/lib.es2015.iterable.d.ts","/usr/lib/node_modules/typescript/lib/lib.es2015.promise.d.ts","/usr/lib/node_modules/typescript/lib/lib.es2015.proxy.d.ts","/usr/lib/node_modules/typescript/lib/lib.es2015.reflect.d.ts","/usr/lib/node_modules/typescript/lib/lib.es2015.symbol.d.ts","/usr/lib/node_modules/typescript/lib/lib.es2015.symbol.wellknown.d.ts","/usr/lib/node_modules/typescript/lib/lib.es2016.array.include.d.ts","/usr/lib/node_modules/typescript/lib/lib.es2016.full.d.ts","/home/master/.cache/typescript/4.5/node_modules/@types/yargs-parser/index.d.ts","/home/master/.cache/typescript/4.5/node_modules/@types/yargs/index.d.ts","/home/master/config-modules/index.js","/home/master/.cache/typescript/4.5/node_modules/@types/color-name/index.d.ts","/home/master/.cache/typescript/4.5/node_modules/@types/color-convert/index.d.ts","/home/master/.cache/typescript/4.5/node_modules/@types/require-directory/index.d.ts","/home/master/.cache/typescript/4.5/node_modules/@types/wrap-ansi/index.d.ts","/home/master/config-modules/node_modules/emoji-regex/index.d.ts","/home/master/config-modules/node_modules/escalade/index.d.ts"],"compilerOptions":{"module":1,"target":3,"jsx":1,"allowJs":true,"allowSyntheticDefaultImports":true,"allowNonTsExtensions":true,"noEmitForJsFiles":true,"maxNodeModuleJsDepth":2},"typeAcquisition":{"enable":true,"include":[],"exclude":[]},"unresolvedImports":[],"projectRootPath":"/home/master/config-modules","kind":"discover"}
[17:45:19.476] Explicitly included types: []
[17:45:19.478] Typing names in '/home/master/config-modules/package.json' dependencies: ["prompts","yargs"]
[17:45:19.482] Searching for typing names in /home/master/config-modules/node_modules; all files: ["/home/master/config-modules/node_modules/.package-lock.json","/home/master/config-modules/node_modules/ansi-regex/package.json","/home/master/config-modules/node_modules/ansi-styles/package.json","/home/master/config-modules/node_modules/cliui/package.json","/home/master/config-modules/node_modules/color-convert/package.json","/home/master/config-modules/node_modules/color-name/package.json","/home/master/config-modules/node_modules/emoji-regex/package.json","/home/master/config-modules/node_modules/escalade/package.json","/home/master/config-modules/node_modules/get-caller-file/package.json","/home/master/config-modules/node_modules/is-fullwidth-code-point/package.json","/home/master/config-modules/node_modules/kleur/package.json","/home/master/config-modules/node_modules/prompts/package.json","/home/master/config-modules/node_modules/require-directory/package.json","/home/master/config-modules/node_modules/sisteransi/package.json","/home/master/config-modules/node_modules/string-width/package.json","/home/master/config-modules/node_modules/strip-ansi/package.json","/home/master/config-modules/node_modules/wrap-ansi/package.json","/home/master/config-modules/node_modules/y18n/package.json","/home/master/config-modules/node_modules/yargs/package.json","/home/master/config-modules/node_modules/yargs-parser/package.json"]
[17:45:19.487]     Package 'emoji-regex' provides its own types.
[17:45:19.488]     Package 'escalade' provides its own types.
[17:45:19.490]     Package 'kleur' provides its own types.
[17:45:19.493]     Package 'sisteransi' provides its own types.
[17:45:19.500]     Found package names: ["ansi-regex","ansi-styles","cliui","color-convert","color-name","get-caller-file","is-fullwidth-code-point","prompts","require-directory","string-width","strip-ansi","wrap-ansi","y18n","yargs","yargs-parser"]
[17:45:19.501] Inferred typings from unresolved imports: []
[17:45:19.501] Result: {"cachedTypingPaths":["/home/master/.cache/typescript/4.5/node_modules/@types/yargs/index.d.ts","/home/master/config-modules/node_modules/emoji-regex/index.d.ts","/home/master/config-modules/node_modules/escalade/index.d.ts","/home/master/config-modules/node_modules/kleur/kleur.d.ts","/home/master/config-modules/node_modules/sisteransi/src/sisteransi.d.ts","/home/master/.cache/typescript/4.5/node_modules/@types/color-convert/index.d.ts","/home/master/.cache/typescript/4.5/node_modules/@types/color-name/index.d.ts","/home/master/.cache/typescript/4.5/node_modules/@types/require-directory/index.d.ts","/home/master/.cache/typescript/4.5/node_modules/@types/wrap-ansi/index.d.ts","/home/master/.cache/typescript/4.5/node_modules/@types/yargs-parser/index.d.ts"],"newTypingNames":["prompts","ansi-regex","ansi-styles","cliui","get-caller-file","is-fullwidth-code-point","string-width","strip-ansi","y18n"],"filesToWatch":["/home/master/config-modules/package.json","/home/master/config-modules/bower_components","/home/master/config-modules/node_modules"]}
[17:45:19.501] Finished typings discovery: {"cachedTypingPaths":["/home/master/.cache/typescript/4.5/node_modules/@types/yargs/index.d.ts","/home/master/config-modules/node_modules/emoji-regex/index.d.ts","/home/master/config-modules/node_modules/escalade/index.d.ts","/home/master/config-modules/node_modules/kleur/kleur.d.ts","/home/master/config-modules/node_modules/sisteransi/src/sisteransi.d.ts","/home/master/.cache/typescript/4.5/node_modules/@types/color-convert/index.d.ts","/home/master/.cache/typescript/4.5/node_modules/@types/color-name/index.d.ts","/home/master/.cache/typescript/4.5/node_modules/@types/require-directory/index.d.ts","/home/master/.cache/typescript/4.5/node_modules/@types/wrap-ansi/index.d.ts","/home/master/.cache/typescript/4.5/node_modules/@types/yargs-parser/index.d.ts"],"newTypingNames":["prompts","ansi-regex","ansi-styles","cliui","get-caller-file","is-fullwidth-code-point","string-width","strip-ansi","y18n"],"filesToWatch":["/home/master/config-modules/package.json","/home/master/config-modules/bower_components","/home/master/config-modules/node_modules"]}
[17:45:19.502] Installing typings ["prompts","ansi-regex","ansi-styles","cliui","get-caller-file","is-fullwidth-code-point","string-width","strip-ansi","y18n"]
[17:45:19.502] 'ansi-regex':: Entry for package 'ansi-regex' does not exist in local types registry - skipping...
[17:45:19.502] 'ansi-styles':: Entry for package 'ansi-styles' does not exist in local types registry - skipping...
[17:45:19.502] 'cliui':: Entry for package 'cliui' does not exist in local types registry - skipping...
[17:45:19.502] 'get-caller-file':: Entry for package 'get-caller-file' does not exist in local types registry - skipping...
[17:45:19.502] 'is-fullwidth-code-point':: Entry for package 'is-fullwidth-code-point' does not exist in local types registry - skipping...
[17:45:19.502] 'string-width':: Entry for package 'string-width' does not exist in local types registry - skipping...
[17:45:19.502] 'strip-ansi':: Entry for package 'strip-ansi' does not exist in local types registry - skipping...
[17:45:19.502] 'y18n':: Entry for package 'y18n' does not exist in local types registry - skipping...
[17:45:19.502] Npm config file: /home/master/.cache/typescript/4.5/package.json
[17:45:19.503] Sending response:
    {"kind":"event::beginInstallTypes","eventId":2,"typingsInstallerVersion":"4.5.4","projectName":"/dev/null/inferredProject1*"}
[17:45:19.503] Response has been sent.
[17:45:19.503] #2 with arguments'["@types/prompts@ts4.5"]'.
[17:45:19.503] Exec: /usr/bin/npm install --ignore-scripts @types/prompts@ts4.5 --save-dev --user-agent="typesInstaller/4.5.4"
[17:45:21.220]     Succeeded. stdout:
    
    up to date, audited 15 packages in 1s

found 0 vulnerabilities

[17:45:21.220] npm install #2 took: 1717 ms
[17:45:21.220] Installed typings ["@types/prompts@ts4.5"]
[17:45:21.223] Installed typing files ["/home/master/.cache/typescript/4.5/node_modules/@types/prompts/index.d.ts"]
[17:45:21.223] Sending response:
    {"projectName":"/dev/null/inferredProject1*","typeAcquisition":{"enable":true,"include":[],"exclude":[]},"compilerOptions":{"module":1,"target":3,"jsx":1,"allowJs":true,"allowSyntheticDefaultImports":true,"allowNonTsExtensions":true,"noEmitForJsFiles":true,"maxNodeModuleJsDepth":2},"typings":["/home/master/.cache/typescript/4.5/node_modules/@types/yargs/index.d.ts","/home/master/config-modules/node_modules/emoji-regex/index.d.ts","/home/master/config-modules/node_modules/escalade/index.d.ts","/home/master/config-modules/node_modules/kleur/kleur.d.ts","/home/master/config-modules/node_modules/sisteransi/src/sisteransi.d.ts","/home/master/.cache/typescript/4.5/node_modules/@types/color-convert/index.d.ts","/home/master/.cache/typescript/4.5/node_modules/@types/color-name/index.d.ts","/home/master/.cache/typescript/4.5/node_modules/@types/require-directory/index.d.ts","/home/master/.cache/typescript/4.5/node_modules/@types/wrap-ansi/index.d.ts","/home/master/.cache/typescript/4.5/node_modules/@types/yargs-parser/index.d.ts","/home/master/.cache/typescript/4.5/node_modules/@types/prompts/index.d.ts"],"unresolvedImports":[],"kind":"action::set"}
[17:45:21.223] Response has been sent.
[17:45:21.223] Sending response:
    {"kind":"event::endInstallTypes","eventId":2,"projectName":"/dev/null/inferredProject1*","packagesToInstall":["@types/prompts@ts4.5"],"installSuccess":true,"typingsInstallerVersion":"4.5.4"}
[17:45:21.224] Response has been sent.
[17:45:21.224] sysLog:: onTimerToUpdateChildWatches:: 1
[17:45:21.229] sysLog:: invokingWatchers:: Elapsed:: 4.63577500032261ms:: 0
[17:45:21.229] DirectoryWatcher:: Triggered with /home/master/config-modules/node_modules :: WatchInfo: /home/master/config-modules/node_modules 1 undefined Project: /dev/null/inferredProject1* watcher already invoked: false
[17:45:21.229] Elapsed:: 0.029525000136345625ms DirectoryWatcher:: Triggered with /home/master/config-modules/node_modules :: WatchInfo: /home/master/config-modules/node_modules 1 undefined Project: /dev/null/inferredProject1* watcher already invoked: false
[17:45:21.229] sysLog:: Elapsed:: 5.056443999987096ms:: onTimerToUpdateChildWatches:: 0 undefined
[17:45:21.631] Got install request {"projectName":"/dev/null/inferredProject1*","fileNames":["/usr/lib/node_modules/typescript/lib/lib.es5.d.ts","/usr/lib/node_modules/typescript/lib/lib.es2015.d.ts","/usr/lib/node_modules/typescript/lib/lib.es2016.d.ts","/usr/lib/node_modules/typescript/lib/lib.dom.d.ts","/usr/lib/node_modules/typescript/lib/lib.dom.iterable.d.ts","/usr/lib/node_modules/typescript/lib/lib.webworker.importscripts.d.ts","/usr/lib/node_modules/typescript/lib/lib.scripthost.d.ts","/usr/lib/node_modules/typescript/lib/lib.es2015.core.d.ts","/usr/lib/node_modules/typescript/lib/lib.es2015.collection.d.ts","/usr/lib/node_modules/typescript/lib/lib.es2015.generator.d.ts","/usr/lib/node_modules/typescript/lib/lib.es2015.iterable.d.ts","/usr/lib/node_modules/typescript/lib/lib.es2015.promise.d.ts","/usr/lib/node_modules/typescript/lib/lib.es2015.proxy.d.ts","/usr/lib/node_modules/typescript/lib/lib.es2015.reflect.d.ts","/usr/lib/node_modules/typescript/lib/lib.es2015.symbol.d.ts","/usr/lib/node_modules/typescript/lib/lib.es2015.symbol.wellknown.d.ts","/usr/lib/node_modules/typescript/lib/lib.es2016.array.include.d.ts","/usr/lib/node_modules/typescript/lib/lib.es2016.full.d.ts","/home/master/.cache/typescript/4.5/node_modules/@types/yargs-parser/index.d.ts","/home/master/.cache/typescript/4.5/node_modules/@types/yargs/index.d.ts","/home/master/.cache/typescript/4.5/node_modules/@types/prompts/index.d.ts","/home/master/config-modules/index.js","/home/master/.cache/typescript/4.5/node_modules/@types/color-name/index.d.ts","/home/master/.cache/typescript/4.5/node_modules/@types/color-convert/index.d.ts","/home/master/.cache/typescript/4.5/node_modules/@types/require-directory/index.d.ts","/home/master/.cache/typescript/4.5/node_modules/@types/wrap-ansi/index.d.ts","/home/master/config-modules/node_modules/emoji-regex/index.d.ts","/home/master/config-modules/node_modules/escalade/index.d.ts","/home/master/config-modules/node_modules/kleur/kleur.d.ts","/home/master/config-modules/node_modules/sisteransi/src/sisteransi.d.ts"],"compilerOptions":{"module":1,"target":3,"jsx":1,"allowJs":true,"allowSyntheticDefaultImports":true,"allowNonTsExtensions":true,"noEmitForJsFiles":true,"maxNodeModuleJsDepth":2},"typeAcquisition":{"enable":true,"include":[],"exclude":[]},"unresolvedImports":[],"projectRootPath":"/home/master/config-modules","kind":"discover"}
[17:45:21.631] Explicitly included types: []
[17:45:21.632] Typing names in '/home/master/config-modules/package.json' dependencies: ["prompts","yargs"]
[17:45:21.635] Searching for typing names in /home/master/config-modules/node_modules; all files: ["/home/master/config-modules/node_modules/.package-lock.json","/home/master/config-modules/node_modules/ansi-regex/package.json","/home/master/config-modules/node_modules/ansi-styles/package.json","/home/master/config-modules/node_modules/cliui/package.json","/home/master/config-modules/node_modules/color-convert/package.json","/home/master/config-modules/node_modules/color-name/package.json","/home/master/config-modules/node_modules/emoji-regex/package.json","/home/master/config-modules/node_modules/escalade/package.json","/home/master/config-modules/node_modules/get-caller-file/package.json","/home/master/config-modules/node_modules/is-fullwidth-code-point/package.json","/home/master/config-modules/node_modules/kleur/package.json","/home/master/config-modules/node_modules/prompts/package.json","/home/master/config-modules/node_modules/require-directory/package.json","/home/master/config-modules/node_modules/sisteransi/package.json","/home/master/config-modules/node_modules/string-width/package.json","/home/master/config-modules/node_modules/strip-ansi/package.json","/home/master/config-modules/node_modules/wrap-ansi/package.json","/home/master/config-modules/node_modules/y18n/package.json","/home/master/config-modules/node_modules/yargs/package.json","/home/master/config-modules/node_modules/yargs-parser/package.json"]
[17:45:21.641]     Package 'emoji-regex' provides its own types.
[17:45:21.642]     Package 'escalade' provides its own types.
[17:45:21.644]     Package 'kleur' provides its own types.
[17:45:21.646]     Package 'sisteransi' provides its own types.
[17:45:21.651]     Found package names: ["ansi-regex","ansi-styles","cliui","color-convert","color-name","get-caller-file","is-fullwidth-code-point","prompts","require-directory","string-width","strip-ansi","wrap-ansi","y18n","yargs","yargs-parser"]
[17:45:21.651] Inferred typings from unresolved imports: []
[17:45:21.652] Result: {"cachedTypingPaths":["/home/master/.cache/typescript/4.5/node_modules/@types/prompts/index.d.ts","/home/master/.cache/typescript/4.5/node_modules/@types/yargs/index.d.ts","/home/master/config-modules/node_modules/emoji-regex/index.d.ts","/home/master/config-modules/node_modules/escalade/index.d.ts","/home/master/config-modules/node_modules/kleur/kleur.d.ts","/home/master/config-modules/node_modules/sisteransi/src/sisteransi.d.ts","/home/master/.cache/typescript/4.5/node_modules/@types/color-convert/index.d.ts","/home/master/.cache/typescript/4.5/node_modules/@types/color-name/index.d.ts","/home/master/.cache/typescript/4.5/node_modules/@types/require-directory/index.d.ts","/home/master/.cache/typescript/4.5/node_modules/@types/wrap-ansi/index.d.ts","/home/master/.cache/typescript/4.5/node_modules/@types/yargs-parser/index.d.ts"],"newTypingNames":["ansi-regex","ansi-styles","cliui","get-caller-file","is-fullwidth-code-point","string-width","strip-ansi","y18n"],"filesToWatch":["/home/master/config-modules/package.json","/home/master/config-modules/bower_components","/home/master/config-modules/node_modules"]}
[17:45:21.652] Finished typings discovery: {"cachedTypingPaths":["/home/master/.cache/typescript/4.5/node_modules/@types/prompts/index.d.ts","/home/master/.cache/typescript/4.5/node_modules/@types/yargs/index.d.ts","/home/master/config-modules/node_modules/emoji-regex/index.d.ts","/home/master/config-modules/node_modules/escalade/index.d.ts","/home/master/config-modules/node_modules/kleur/kleur.d.ts","/home/master/config-modules/node_modules/sisteransi/src/sisteransi.d.ts","/home/master/.cache/typescript/4.5/node_modules/@types/color-convert/index.d.ts","/home/master/.cache/typescript/4.5/node_modules/@types/color-name/index.d.ts","/home/master/.cache/typescript/4.5/node_modules/@types/require-directory/index.d.ts","/home/master/.cache/typescript/4.5/node_modules/@types/wrap-ansi/index.d.ts","/home/master/.cache/typescript/4.5/node_modules/@types/yargs-parser/index.d.ts"],"newTypingNames":["ansi-regex","ansi-styles","cliui","get-caller-file","is-fullwidth-code-point","string-width","strip-ansi","y18n"],"filesToWatch":["/home/master/config-modules/package.json","/home/master/config-modules/bower_components","/home/master/config-modules/node_modules"]}
[17:45:21.652] Installing typings ["ansi-regex","ansi-styles","cliui","get-caller-file","is-fullwidth-code-point","string-width","strip-ansi","y18n"]
[17:45:21.653] 'ansi-regex':: Entry for package 'ansi-regex' does not exist in local types registry - skipping...
[17:45:21.653] 'ansi-styles':: Entry for package 'ansi-styles' does not exist in local types registry - skipping...
[17:45:21.653] 'cliui':: Entry for package 'cliui' does not exist in local types registry - skipping...
[17:45:21.653] 'get-caller-file':: Entry for package 'get-caller-file' does not exist in local types registry - skipping...
[17:45:21.653] 'is-fullwidth-code-point':: Entry for package 'is-fullwidth-code-point' does not exist in local types registry - skipping...
[17:45:21.653] 'string-width':: Entry for package 'string-width' does not exist in local types registry - skipping...
[17:45:21.653] 'strip-ansi':: Entry for package 'strip-ansi' does not exist in local types registry - skipping...
[17:45:21.653] 'y18n':: Entry for package 'y18n' does not exist in local types registry - skipping...
[17:45:21.653] All typings are known to be missing or invalid - no need to install more typings
[17:45:21.653] Sending response:
    {"projectName":"/dev/null/inferredProject1*","typeAcquisition":{"enable":true,"include":[],"exclude":[]},"compilerOptions":{"module":1,"target":3,"jsx":1,"allowJs":true,"allowSyntheticDefaultImports":true,"allowNonTsExtensions":true,"noEmitForJsFiles":true,"maxNodeModuleJsDepth":2},"typings":["/home/master/.cache/typescript/4.5/node_modules/@types/prompts/index.d.ts","/home/master/.cache/typescript/4.5/node_modules/@types/yargs/index.d.ts","/home/master/config-modules/node_modules/emoji-regex/index.d.ts","/home/master/config-modules/node_modules/escalade/index.d.ts","/home/master/config-modules/node_modules/kleur/kleur.d.ts","/home/master/config-modules/node_modules/sisteransi/src/sisteransi.d.ts","/home/master/.cache/typescript/4.5/node_modules/@types/color-convert/index.d.ts","/home/master/.cache/typescript/4.5/node_modules/@types/color-name/index.d.ts","/home/master/.cache/typescript/4.5/node_modules/@types/require-directory/index.d.ts","/home/master/.cache/typescript/4.5/node_modules/@types/wrap-ansi/index.d.ts","/home/master/.cache/typescript/4.5/node_modules/@types/yargs-parser/index.d.ts"],"unresolvedImports":[],"kind":"action::set"}
[17:45:21.653] Response has been sent.
[17:45:33.727] Got install request {"projectName":"/dev/null/inferredProject1*","fileNames":["/usr/lib/node_modules/typescript/lib/lib.es5.d.ts","/usr/lib/node_modules/typescript/lib/lib.es2015.d.ts","/usr/lib/node_modules/typescript/lib/lib.es2016.d.ts","/usr/lib/node_modules/typescript/lib/lib.dom.d.ts","/usr/lib/node_modules/typescript/lib/lib.dom.iterable.d.ts","/usr/lib/node_modules/typescript/lib/lib.webworker.importscripts.d.ts","/usr/lib/node_modules/typescript/lib/lib.scripthost.d.ts","/usr/lib/node_modules/typescript/lib/lib.es2015.core.d.ts","/usr/lib/node_modules/typescript/lib/lib.es2015.collection.d.ts","/usr/lib/node_modules/typescript/lib/lib.es2015.generator.d.ts","/usr/lib/node_modules/typescript/lib/lib.es2015.iterable.d.ts","/usr/lib/node_modules/typescript/lib/lib.es2015.promise.d.ts","/usr/lib/node_modules/typescript/lib/lib.es2015.proxy.d.ts","/usr/lib/node_modules/typescript/lib/lib.es2015.reflect.d.ts","/usr/lib/node_modules/typescript/lib/lib.es2015.symbol.d.ts","/usr/lib/node_modules/typescript/lib/lib.es2015.symbol.wellknown.d.ts","/usr/lib/node_modules/typescript/lib/lib.es2016.array.include.d.ts","/usr/lib/node_modules/typescript/lib/lib.es2016.full.d.ts","/home/master/.cache/typescript/4.5/node_modules/@types/yargs-parser/index.d.ts","/home/master/.cache/typescript/4.5/node_modules/@types/yargs/index.d.ts","/home/master/.cache/typescript/4.5/node_modules/@types/prompts/index.d.ts","/home/master/config-modules/index.js","/home/master/.cache/typescript/4.5/node_modules/@types/color-name/index.d.ts","/home/master/.cache/typescript/4.5/node_modules/@types/color-convert/index.d.ts","/home/master/.cache/typescript/4.5/node_modules/@types/require-directory/index.d.ts","/home/master/.cache/typescript/4.5/node_modules/@types/wrap-ansi/index.d.ts","/home/master/config-modules/node_modules/emoji-regex/index.d.ts","/home/master/config-modules/node_modules/escalade/index.d.ts","/home/master/config-modules/node_modules/kleur/kleur.d.ts","/home/master/config-modules/node_modules/sisteransi/src/sisteransi.d.ts"],"compilerOptions":{"module":1,"target":3,"jsx":1,"allowJs":true,"allowSyntheticDefaultImports":true,"allowNonTsExtensions":true,"noEmitForJsFiles":true,"maxNodeModuleJsDepth":2},"typeAcquisition":{"enable":true,"include":[],"exclude":[]},"unresolvedImports":["yaml"],"projectRootPath":"/home/master/config-modules","kind":"discover"}
[17:45:33.727] Explicitly included types: []
[17:45:33.727] Typing names in '/home/master/config-modules/package.json' dependencies: ["prompts","yargs"]
[17:45:33.728] Searching for typing names in /home/master/config-modules/node_modules; all files: ["/home/master/config-modules/node_modules/.package-lock.json","/home/master/config-modules/node_modules/ansi-regex/package.json","/home/master/config-modules/node_modules/ansi-styles/package.json","/home/master/config-modules/node_modules/cliui/package.json","/home/master/config-modules/node_modules/color-convert/package.json","/home/master/config-modules/node_modules/color-name/package.json","/home/master/config-modules/node_modules/emoji-regex/package.json","/home/master/config-modules/node_modules/escalade/package.json","/home/master/config-modules/node_modules/get-caller-file/package.json","/home/master/config-modules/node_modules/is-fullwidth-code-point/package.json","/home/master/config-modules/node_modules/kleur/package.json","/home/master/config-modules/node_modules/prompts/package.json","/home/master/config-modules/node_modules/require-directory/package.json","/home/master/config-modules/node_modules/sisteransi/package.json","/home/master/config-modules/node_modules/string-width/package.json","/home/master/config-modules/node_modules/strip-ansi/package.json","/home/master/config-modules/node_modules/wrap-ansi/package.json","/home/master/config-modules/node_modules/y18n/package.json","/home/master/config-modules/node_modules/yargs/package.json","/home/master/config-modules/node_modules/yargs-parser/package.json"]
[17:45:33.730]     Package 'emoji-regex' provides its own types.
[17:45:33.730]     Package 'escalade' provides its own types.
[17:45:33.731]     Package 'kleur' provides its own types.
[17:45:33.731]     Package 'sisteransi' provides its own types.
[17:45:33.732]     Found package names: ["ansi-regex","ansi-styles","cliui","color-convert","color-name","get-caller-file","is-fullwidth-code-point","prompts","require-directory","string-width","strip-ansi","wrap-ansi","y18n","yargs","yargs-parser"]
[17:45:33.733] Inferred typings from unresolved imports: ["yaml"]
[17:45:33.733] Result: {"cachedTypingPaths":["/home/master/.cache/typescript/4.5/node_modules/@types/prompts/index.d.ts","/home/master/.cache/typescript/4.5/node_modules/@types/yargs/index.d.ts","/home/master/config-modules/node_modules/emoji-regex/index.d.ts","/home/master/config-modules/node_modules/escalade/index.d.ts","/home/master/config-modules/node_modules/kleur/kleur.d.ts","/home/master/config-modules/node_modules/sisteransi/src/sisteransi.d.ts","/home/master/.cache/typescript/4.5/node_modules/@types/color-convert/index.d.ts","/home/master/.cache/typescript/4.5/node_modules/@types/color-name/index.d.ts","/home/master/.cache/typescript/4.5/node_modules/@types/require-directory/index.d.ts","/home/master/.cache/typescript/4.5/node_modules/@types/wrap-ansi/index.d.ts","/home/master/.cache/typescript/4.5/node_modules/@types/yargs-parser/index.d.ts"],"newTypingNames":["ansi-regex","ansi-styles","cliui","get-caller-file","is-fullwidth-code-point","string-width","strip-ansi","y18n","yaml"],"filesToWatch":["/home/master/config-modules/package.json","/home/master/config-modules/bower_components","/home/master/config-modules/node_modules"]}
[17:45:33.733] Finished typings discovery: {"cachedTypingPaths":["/home/master/.cache/typescript/4.5/node_modules/@types/prompts/index.d.ts","/home/master/.cache/typescript/4.5/node_modules/@types/yargs/index.d.ts","/home/master/config-modules/node_modules/emoji-regex/index.d.ts","/home/master/config-modules/node_modules/escalade/index.d.ts","/home/master/config-modules/node_modules/kleur/kleur.d.ts","/home/master/config-modules/node_modules/sisteransi/src/sisteransi.d.ts","/home/master/.cache/typescript/4.5/node_modules/@types/color-convert/index.d.ts","/home/master/.cache/typescript/4.5/node_modules/@types/color-name/index.d.ts","/home/master/.cache/typescript/4.5/node_modules/@types/require-directory/index.d.ts","/home/master/.cache/typescript/4.5/node_modules/@types/wrap-ansi/index.d.ts","/home/master/.cache/typescript/4.5/node_modules/@types/yargs-parser/index.d.ts"],"newTypingNames":["ansi-regex","ansi-styles","cliui","get-caller-file","is-fullwidth-code-point","string-width","strip-ansi","y18n","yaml"],"filesToWatch":["/home/master/config-modules/package.json","/home/master/config-modules/bower_components","/home/master/config-modules/node_modules"]}
[17:45:33.733] Installing typings ["ansi-regex","ansi-styles","cliui","get-caller-file","is-fullwidth-code-point","string-width","strip-ansi","y18n","yaml"]
[17:45:33.733] 'ansi-regex':: Entry for package 'ansi-regex' does not exist in local types registry - skipping...
[17:45:33.733] 'ansi-styles':: Entry for package 'ansi-styles' does not exist in local types registry - skipping...
[17:45:33.733] 'cliui':: Entry for package 'cliui' does not exist in local types registry - skipping...
[17:45:33.733] 'get-caller-file':: Entry for package 'get-caller-file' does not exist in local types registry - skipping...
[17:45:33.733] 'is-fullwidth-code-point':: Entry for package 'is-fullwidth-code-point' does not exist in local types registry - skipping...
[17:45:33.733] 'string-width':: Entry for package 'string-width' does not exist in local types registry - skipping...
[17:45:33.733] 'strip-ansi':: Entry for package 'strip-ansi' does not exist in local types registry - skipping...
[17:45:33.733] 'y18n':: Entry for package 'y18n' does not exist in local types registry - skipping...
[17:45:33.733] 'yaml':: Entry for package 'yaml' does not exist in local types registry - skipping...
[17:45:33.733] All typings are known to be missing or invalid - no need to install more typings
[17:45:33.733] Sending response:
    {"projectName":"/dev/null/inferredProject1*","typeAcquisition":{"enable":true,"include":[],"exclude":[]},"compilerOptions":{"module":1,"target":3,"jsx":1,"allowJs":true,"allowSyntheticDefaultImports":true,"allowNonTsExtensions":true,"noEmitForJsFiles":true,"maxNodeModuleJsDepth":2},"typings":["/home/master/.cache/typescript/4.5/node_modules/@types/prompts/index.d.ts","/home/master/.cache/typescript/4.5/node_modules/@types/yargs/index.d.ts","/home/master/config-modules/node_modules/emoji-regex/index.d.ts","/home/master/config-modules/node_modules/escalade/index.d.ts","/home/master/config-modules/node_modules/kleur/kleur.d.ts","/home/master/config-modules/node_modules/sisteransi/src/sisteransi.d.ts","/home/master/.cache/typescript/4.5/node_modules/@types/color-convert/index.d.ts","/home/master/.cache/typescript/4.5/node_modules/@types/color-name/index.d.ts","/home/master/.cache/typescript/4.5/node_modules/@types/require-directory/index.d.ts","/home/master/.cache/typescript/4.5/node_modules/@types/wrap-ansi/index.d.ts","/home/master/.cache/typescript/4.5/node_modules/@types/yargs-parser/index.d.ts"],"unresolvedImports":["yaml"],"kind":"action::set"}
[17:45:33.733] Response has been sent.
[17:45:41.993] FileWatcher:: Triggered with /home/master/config-modules/package.json 1:: WatchInfo: /home/master/config-modules/package.json 2000 undefined Project: /dev/null/inferredProject1* watcher already invoked: false
[17:45:41.993] Sending response:
    {"projectName":"/dev/null/inferredProject1*","kind":"action::invalidate"}
[17:45:41.993] Response has been sent.
[17:45:41.993] Elapsed:: 0.33249800000339746ms FileWatcher:: Triggered with /home/master/config-modules/package.json 1:: WatchInfo: /home/master/config-modules/package.json 2000 undefined Project: /dev/null/inferredProject1* watcher already invoked: false
[17:45:42.094] Got install request {"projectName":"/dev/null/inferredProject1*","fileNames":["/usr/lib/node_modules/typescript/lib/lib.es5.d.ts","/usr/lib/node_modules/typescript/lib/lib.es2015.d.ts","/usr/lib/node_modules/typescript/lib/lib.es2016.d.ts","/usr/lib/node_modules/typescript/lib/lib.dom.d.ts","/usr/lib/node_modules/typescript/lib/lib.dom.iterable.d.ts","/usr/lib/node_modules/typescript/lib/lib.webworker.importscripts.d.ts","/usr/lib/node_modules/typescript/lib/lib.scripthost.d.ts","/usr/lib/node_modules/typescript/lib/lib.es2015.core.d.ts","/usr/lib/node_modules/typescript/lib/lib.es2015.collection.d.ts","/usr/lib/node_modules/typescript/lib/lib.es2015.generator.d.ts","/usr/lib/node_modules/typescript/lib/lib.es2015.iterable.d.ts","/usr/lib/node_modules/typescript/lib/lib.es2015.promise.d.ts","/usr/lib/node_modules/typescript/lib/lib.es2015.proxy.d.ts","/usr/lib/node_modules/typescript/lib/lib.es2015.reflect.d.ts","/usr/lib/node_modules/typescript/lib/lib.es2015.symbol.d.ts","/usr/lib/node_modules/typescript/lib/lib.es2015.symbol.wellknown.d.ts","/usr/lib/node_modules/typescript/lib/lib.es2016.array.include.d.ts","/usr/lib/node_modules/typescript/lib/lib.es2016.full.d.ts","/home/master/.cache/typescript/4.5/node_modules/@types/yargs-parser/index.d.ts","/home/master/.cache/typescript/4.5/node_modules/@types/yargs/index.d.ts","/home/master/.cache/typescript/4.5/node_modules/@types/prompts/index.d.ts","/home/master/config-modules/index.js","/home/master/.cache/typescript/4.5/node_modules/@types/color-name/index.d.ts","/home/master/.cache/typescript/4.5/node_modules/@types/color-convert/index.d.ts","/home/master/.cache/typescript/4.5/node_modules/@types/require-directory/index.d.ts","/home/master/.cache/typescript/4.5/node_modules/@types/wrap-ansi/index.d.ts","/home/master/config-modules/node_modules/emoji-regex/index.d.ts","/home/master/config-modules/node_modules/escalade/index.d.ts","/home/master/config-modules/node_modules/kleur/kleur.d.ts","/home/master/config-modules/node_modules/sisteransi/src/sisteransi.d.ts"],"compilerOptions":{"module":1,"target":3,"jsx":1,"allowJs":true,"allowSyntheticDefaultImports":true,"allowNonTsExtensions":true,"noEmitForJsFiles":true,"maxNodeModuleJsDepth":2},"typeAcquisition":{"enable":true,"include":[],"exclude":[]},"unresolvedImports":["yaml"],"projectRootPath":"/home/master/config-modules","kind":"discover"}
[17:45:42.095] Explicitly included types: []
[17:45:42.095] Typing names in '/home/master/config-modules/package.json' dependencies: ["prompts","yaml","yargs"]
[17:45:42.096] Searching for typing names in /home/master/config-modules/node_modules; all files: ["/home/master/config-modules/node_modules/.package-lock.json","/home/master/config-modules/node_modules/ansi-regex/package.json","/home/master/config-modules/node_modules/ansi-styles/package.json","/home/master/config-modules/node_modules/cliui/package.json","/home/master/config-modules/node_modules/color-convert/package.json","/home/master/config-modules/node_modules/color-name/package.json","/home/master/config-modules/node_modules/emoji-regex/package.json","/home/master/config-modules/node_modules/escalade/package.json","/home/master/config-modules/node_modules/get-caller-file/package.json","/home/master/config-modules/node_modules/is-fullwidth-code-point/package.json","/home/master/config-modules/node_modules/kleur/package.json","/home/master/config-modules/node_modules/prompts/package.json","/home/master/config-modules/node_modules/require-directory/package.json","/home/master/config-modules/node_modules/sisteransi/package.json","/home/master/config-modules/node_modules/string-width/package.json","/home/master/config-modules/node_modules/strip-ansi/package.json","/home/master/config-modules/node_modules/wrap-ansi/package.json","/home/master/config-modules/node_modules/y18n/package.json","/home/master/config-modules/node_modules/yaml/package.json","/home/master/config-modules/node_modules/yargs/package.json","/home/master/config-modules/node_modules/yargs-parser/package.json"]
[17:45:42.098]     Package 'emoji-regex' provides its own types.
[17:45:42.098]     Package 'escalade' provides its own types.
[17:45:42.099]     Package 'kleur' provides its own types.
[17:45:42.099]     Package 'sisteransi' provides its own types.
[17:45:42.102]     Found package names: ["ansi-regex","ansi-styles","cliui","color-convert","color-name","get-caller-file","is-fullwidth-code-point","prompts","require-directory","string-width","strip-ansi","wrap-ansi","y18n","yaml","yargs","yargs-parser"]
[17:45:42.102] Inferred typings from unresolved imports: ["yaml"]
[17:45:42.102] Result: {"cachedTypingPaths":["/home/master/.cache/typescript/4.5/node_modules/@types/prompts/index.d.ts","/home/master/.cache/typescript/4.5/node_modules/@types/yargs/index.d.ts","/home/master/config-modules/node_modules/emoji-regex/index.d.ts","/home/master/config-modules/node_modules/escalade/index.d.ts","/home/master/config-modules/node_modules/kleur/kleur.d.ts","/home/master/config-modules/node_modules/sisteransi/src/sisteransi.d.ts","/home/master/.cache/typescript/4.5/node_modules/@types/color-convert/index.d.ts","/home/master/.cache/typescript/4.5/node_modules/@types/color-name/index.d.ts","/home/master/.cache/typescript/4.5/node_modules/@types/require-directory/index.d.ts","/home/master/.cache/typescript/4.5/node_modules/@types/wrap-ansi/index.d.ts","/home/master/.cache/typescript/4.5/node_modules/@types/yargs-parser/index.d.ts"],"newTypingNames":["yaml","ansi-regex","ansi-styles","cliui","get-caller-file","is-fullwidth-code-point","string-width","strip-ansi","y18n"],"filesToWatch":["/home/master/config-modules/package.json","/home/master/config-modules/bower_components","/home/master/config-modules/node_modules"]}
[17:45:42.102] Finished typings discovery: {"cachedTypingPaths":["/home/master/.cache/typescript/4.5/node_modules/@types/prompts/index.d.ts","/home/master/.cache/typescript/4.5/node_modules/@types/yargs/index.d.ts","/home/master/config-modules/node_modules/emoji-regex/index.d.ts","/home/master/config-modules/node_modules/escalade/index.d.ts","/home/master/config-modules/node_modules/kleur/kleur.d.ts","/home/master/config-modules/node_modules/sisteransi/src/sisteransi.d.ts","/home/master/.cache/typescript/4.5/node_modules/@types/color-convert/index.d.ts","/home/master/.cache/typescript/4.5/node_modules/@types/color-name/index.d.ts","/home/master/.cache/typescript/4.5/node_modules/@types/require-directory/index.d.ts","/home/master/.cache/typescript/4.5/node_modules/@types/wrap-ansi/index.d.ts","/home/master/.cache/typescript/4.5/node_modules/@types/yargs-parser/index.d.ts"],"newTypingNames":["yaml","ansi-regex","ansi-styles","cliui","get-caller-file","is-fullwidth-code-point","string-width","strip-ansi","y18n"],"filesToWatch":["/home/master/config-modules/package.json","/home/master/config-modules/bower_components","/home/master/config-modules/node_modules"]}
[17:45:42.102] Installing typings ["yaml","ansi-regex","ansi-styles","cliui","get-caller-file","is-fullwidth-code-point","string-width","strip-ansi","y18n"]
[17:45:42.102] 'yaml':: Entry for package 'yaml' does not exist in local types registry - skipping...
[17:45:42.102] 'ansi-regex':: Entry for package 'ansi-regex' does not exist in local types registry - skipping...
[17:45:42.102] 'ansi-styles':: Entry for package 'ansi-styles' does not exist in local types registry - skipping...
[17:45:42.102] 'cliui':: Entry for package 'cliui' does not exist in local types registry - skipping...
[17:45:42.103] 'get-caller-file':: Entry for package 'get-caller-file' does not exist in local types registry - skipping...
[17:45:42.103] 'is-fullwidth-code-point':: Entry for package 'is-fullwidth-code-point' does not exist in local types registry - skipping...
[17:45:42.103] 'string-width':: Entry for package 'string-width' does not exist in local types registry - skipping...
[17:45:42.103] 'strip-ansi':: Entry for package 'strip-ansi' does not exist in local types registry - skipping...
[17:45:42.103] 'y18n':: Entry for package 'y18n' does not exist in local types registry - skipping...
[17:45:42.103] All typings are known to be missing or invalid - no need to install more typings
[17:45:42.103] Sending response:
    {"projectName":"/dev/null/inferredProject1*","typeAcquisition":{"enable":true,"include":[],"exclude":[]},"compilerOptions":{"module":1,"target":3,"jsx":1,"allowJs":true,"allowSyntheticDefaultImports":true,"allowNonTsExtensions":true,"noEmitForJsFiles":true,"maxNodeModuleJsDepth":2},"typings":["/home/master/.cache/typescript/4.5/node_modules/@types/prompts/index.d.ts","/home/master/.cache/typescript/4.5/node_modules/@types/yargs/index.d.ts","/home/master/config-modules/node_modules/emoji-regex/index.d.ts","/home/master/config-modules/node_modules/escalade/index.d.ts","/home/master/config-modules/node_modules/kleur/kleur.d.ts","/home/master/config-modules/node_modules/sisteransi/src/sisteransi.d.ts","/home/master/.cache/typescript/4.5/node_modules/@types/color-convert/index.d.ts","/home/master/.cache/typescript/4.5/node_modules/@types/color-name/index.d.ts","/home/master/.cache/typescript/4.5/node_modules/@types/require-directory/index.d.ts","/home/master/.cache/typescript/4.5/node_modules/@types/wrap-ansi/index.d.ts","/home/master/.cache/typescript/4.5/node_modules/@types/yargs-parser/index.d.ts"],"unresolvedImports":["yaml"],"kind":"action::set"}
[17:45:42.103] Response has been sent.
[17:45:42.277] sysLog:: onTimerToUpdateChildWatches:: 1
[17:45:42.287] sysLog:: invokingWatchers:: Elapsed:: 9.696097000036389ms:: 0
[17:45:42.287] DirectoryWatcher:: Triggered with /home/master/config-modules/node_modules :: WatchInfo: /home/master/config-modules/node_modules 1 undefined Project: /dev/null/inferredProject1* watcher already invoked: false
[17:45:42.287] Elapsed:: 0.32053499994799495ms DirectoryWatcher:: Triggered with /home/master/config-modules/node_modules :: WatchInfo: /home/master/config-modules/node_modules 1 undefined Project: /dev/null/inferredProject1* watcher already invoked: false
[17:45:42.287] sysLog:: Elapsed:: 10.525774999987334ms:: onTimerToUpdateChildWatches:: 0 undefined
[17:45:43.744] Got install request {"projectName":"/dev/null/inferredProject1*","fileNames":["/usr/lib/node_modules/typescript/lib/lib.es5.d.ts","/usr/lib/node_modules/typescript/lib/lib.es2015.d.ts","/usr/lib/node_modules/typescript/lib/lib.es2016.d.ts","/usr/lib/node_modules/typescript/lib/lib.dom.d.ts","/usr/lib/node_modules/typescript/lib/lib.dom.iterable.d.ts","/usr/lib/node_modules/typescript/lib/lib.webworker.importscripts.d.ts","/usr/lib/node_modules/typescript/lib/lib.scripthost.d.ts","/usr/lib/node_modules/typescript/lib/lib.es2015.core.d.ts","/usr/lib/node_modules/typescript/lib/lib.es2015.collection.d.ts","/usr/lib/node_modules/typescript/lib/lib.es2015.generator.d.ts","/usr/lib/node_modules/typescript/lib/lib.es2015.iterable.d.ts","/usr/lib/node_modules/typescript/lib/lib.es2015.promise.d.ts","/usr/lib/node_modules/typescript/lib/lib.es2015.proxy.d.ts","/usr/lib/node_modules/typescript/lib/lib.es2015.reflect.d.ts","/usr/lib/node_modules/typescript/lib/lib.es2015.symbol.d.ts","/usr/lib/node_modules/typescript/lib/lib.es2015.symbol.wellknown.d.ts","/usr/lib/node_modules/typescript/lib/lib.es2016.array.include.d.ts","/usr/lib/node_modules/typescript/lib/lib.es2016.full.d.ts","/home/master/.cache/typescript/4.5/node_modules/@types/yargs-parser/index.d.ts","/home/master/.cache/typescript/4.5/node_modules/@types/yargs/index.d.ts","/home/master/.cache/typescript/4.5/node_modules/@types/prompts/index.d.ts","/home/master/config-modules/index.js","/home/master/.cache/typescript/4.5/node_modules/@types/color-name/index.d.ts","/home/master/.cache/typescript/4.5/node_modules/@types/color-convert/index.d.ts","/home/master/.cache/typescript/4.5/node_modules/@types/require-directory/index.d.ts","/home/master/.cache/typescript/4.5/node_modules/@types/wrap-ansi/index.d.ts","/home/master/config-modules/node_modules/emoji-regex/index.d.ts","/home/master/config-modules/node_modules/escalade/index.d.ts","/home/master/config-modules/node_modules/kleur/kleur.d.ts","/home/master/config-modules/node_modules/sisteransi/src/sisteransi.d.ts"],"compilerOptions":{"module":1,"target":3,"jsx":1,"allowJs":true,"allowSyntheticDefaultImports":true,"allowNonTsExtensions":true,"noEmitForJsFiles":true,"maxNodeModuleJsDepth":2},"typeAcquisition":{"enable":true,"include":[],"exclude":[]},"unresolvedImports":[],"projectRootPath":"/home/master/config-modules","kind":"discover"}
[17:45:43.744] Explicitly included types: []
[17:45:43.745] Typing names in '/home/master/config-modules/package.json' dependencies: ["prompts","yaml","yargs"]
[17:45:43.749] Searching for typing names in /home/master/config-modules/node_modules; all files: ["/home/master/config-modules/node_modules/.package-lock.json","/home/master/config-modules/node_modules/ansi-regex/package.json","/home/master/config-modules/node_modules/ansi-styles/package.json","/home/master/config-modules/node_modules/cliui/package.json","/home/master/config-modules/node_modules/color-convert/package.json","/home/master/config-modules/node_modules/color-name/package.json","/home/master/config-modules/node_modules/emoji-regex/package.json","/home/master/config-modules/node_modules/escalade/package.json","/home/master/config-modules/node_modules/get-caller-file/package.json","/home/master/config-modules/node_modules/is-fullwidth-code-point/package.json","/home/master/config-modules/node_modules/kleur/package.json","/home/master/config-modules/node_modules/prompts/package.json","/home/master/config-modules/node_modules/require-directory/package.json","/home/master/config-modules/node_modules/sisteransi/package.json","/home/master/config-modules/node_modules/string-width/package.json","/home/master/config-modules/node_modules/strip-ansi/package.json","/home/master/config-modules/node_modules/wrap-ansi/package.json","/home/master/config-modules/node_modules/y18n/package.json","/home/master/config-modules/node_modules/yaml/package.json","/home/master/config-modules/node_modules/yargs/package.json","/home/master/config-modules/node_modules/yargs-parser/package.json"]
[17:45:43.755]     Package 'emoji-regex' provides its own types.
[17:45:43.756]     Package 'escalade' provides its own types.
[17:45:43.759]     Package 'kleur' provides its own types.
[17:45:43.763]     Package 'sisteransi' provides its own types.
[17:45:43.772]     Found package names: ["ansi-regex","ansi-styles","cliui","color-convert","color-name","get-caller-file","is-fullwidth-code-point","prompts","require-directory","string-width","strip-ansi","wrap-ansi","y18n","yaml","yargs","yargs-parser"]
[17:45:43.773] Inferred typings from unresolved imports: []
[17:45:43.773] Result: {"cachedTypingPaths":["/home/master/.cache/typescript/4.5/node_modules/@types/prompts/index.d.ts","/home/master/.cache/typescript/4.5/node_modules/@types/yargs/index.d.ts","/home/master/config-modules/node_modules/emoji-regex/index.d.ts","/home/master/config-modules/node_modules/escalade/index.d.ts","/home/master/config-modules/node_modules/kleur/kleur.d.ts","/home/master/config-modules/node_modules/sisteransi/src/sisteransi.d.ts","/home/master/.cache/typescript/4.5/node_modules/@types/color-convert/index.d.ts","/home/master/.cache/typescript/4.5/node_modules/@types/color-name/index.d.ts","/home/master/.cache/typescript/4.5/node_modules/@types/require-directory/index.d.ts","/home/master/.cache/typescript/4.5/node_modules/@types/wrap-ansi/index.d.ts","/home/master/.cache/typescript/4.5/node_modules/@types/yargs-parser/index.d.ts"],"newTypingNames":["yaml","ansi-regex","ansi-styles","cliui","get-caller-file","is-fullwidth-code-point","string-width","strip-ansi","y18n"],"filesToWatch":["/home/master/config-modules/package.json","/home/master/config-modules/bower_components","/home/master/config-modules/node_modules"]}
[17:45:43.773] Finished typings discovery: {"cachedTypingPaths":["/home/master/.cache/typescript/4.5/node_modules/@types/prompts/index.d.ts","/home/master/.cache/typescript/4.5/node_modules/@types/yargs/index.d.ts","/home/master/config-modules/node_modules/emoji-regex/index.d.ts","/home/master/config-modules/node_modules/escalade/index.d.ts","/home/master/config-modules/node_modules/kleur/kleur.d.ts","/home/master/config-modules/node_modules/sisteransi/src/sisteransi.d.ts","/home/master/.cache/typescript/4.5/node_modules/@types/color-convert/index.d.ts","/home/master/.cache/typescript/4.5/node_modules/@types/color-name/index.d.ts","/home/master/.cache/typescript/4.5/node_modules/@types/require-directory/index.d.ts","/home/master/.cache/typescript/4.5/node_modules/@types/wrap-ansi/index.d.ts","/home/master/.cache/typescript/4.5/node_modules/@types/yargs-parser/index.d.ts"],"newTypingNames":["yaml","ansi-regex","ansi-styles","cliui","get-caller-file","is-fullwidth-code-point","string-width","strip-ansi","y18n"],"filesToWatch":["/home/master/config-modules/package.json","/home/master/config-modules/bower_components","/home/master/config-modules/node_modules"]}
[17:45:43.773] Installing typings ["yaml","ansi-regex","ansi-styles","cliui","get-caller-file","is-fullwidth-code-point","string-width","strip-ansi","y18n"]
[17:45:43.773] 'yaml':: Entry for package 'yaml' does not exist in local types registry - skipping...
[17:45:43.773] 'ansi-regex':: Entry for package 'ansi-regex' does not exist in local types registry - skipping...
[17:45:43.774] 'ansi-styles':: Entry for package 'ansi-styles' does not exist in local types registry - skipping...
[17:45:43.774] 'cliui':: Entry for package 'cliui' does not exist in local types registry - skipping...
[17:45:43.774] 'get-caller-file':: Entry for package 'get-caller-file' does not exist in local types registry - skipping...
[17:45:43.774] 'is-fullwidth-code-point':: Entry for package 'is-fullwidth-code-point' does not exist in local types registry - skipping...
[17:45:43.774] 'string-width':: Entry for package 'string-width' does not exist in local types registry - skipping...
[17:45:43.774] 'strip-ansi':: Entry for package 'strip-ansi' does not exist in local types registry - skipping...
[17:45:43.774] 'y18n':: Entry for package 'y18n' does not exist in local types registry - skipping...
[17:45:43.774] All typings are known to be missing or invalid - no need to install more typings
[17:45:43.774] Sending response:
    {"projectName":"/dev/null/inferredProject1*","typeAcquisition":{"enable":true,"include":[],"exclude":[]},"compilerOptions":{"module":1,"target":3,"jsx":1,"allowJs":true,"allowSyntheticDefaultImports":true,"allowNonTsExtensions":true,"noEmitForJsFiles":true,"maxNodeModuleJsDepth":2},"typings":["/home/master/.cache/typescript/4.5/node_modules/@types/prompts/index.d.ts","/home/master/.cache/typescript/4.5/node_modules/@types/yargs/index.d.ts","/home/master/config-modules/node_modules/emoji-regex/index.d.ts","/home/master/config-modules/node_modules/escalade/index.d.ts","/home/master/config-modules/node_modules/kleur/kleur.d.ts","/home/master/config-modules/node_modules/sisteransi/src/sisteransi.d.ts","/home/master/.cache/typescript/4.5/node_modules/@types/color-convert/index.d.ts","/home/master/.cache/typescript/4.5/node_modules/@types/color-name/index.d.ts","/home/master/.cache/typescript/4.5/node_modules/@types/require-directory/index.d.ts","/home/master/.cache/typescript/4.5/node_modules/@types/wrap-ansi/index.d.ts","/home/master/.cache/typescript/4.5/node_modules/@types/yargs-parser/index.d.ts"],"unresolvedImports":[],"kind":"action::set"}
[17:45:43.775] Response has been sent.
